OpenROAD d423155d69de7f683a23f6916ead418a615ad4ad 
Features included (+) or not (-):  +Charts +GPU +GUI +Python
This program is licensed under the BSD-3 license. See the LICENSE file for details.
Components of this program may be licensed under more restrictive licenses which must be honored.
[INFO ODB-0227] LEF file: /openlane/designs/mcu/runs/RUN_2024.07.18_16.24.01/tmp/merged.nom.lef, created 13 layers, 25 vias, 441 library cells
[INFO ODB-0127] Reading DEF file: /openlane/designs/mcu/runs/RUN_2024.07.18_16.24.01/tmp/signoff/35-mcu.p.def
[INFO ODB-0128] Design: mcu
[INFO ODB-0130]     Created 46 pins.
[INFO ODB-0131]     Created 491 components and 2410 component-terminals.
[INFO ODB-0132]     Created 2 special nets and 1872 connections.
[INFO ODB-0133]     Created 190 nets and 513 connections.
[INFO ODB-0134] Finished DEF file: /openlane/designs/mcu/runs/RUN_2024.07.18_16.24.01/tmp/signoff/35-mcu.p.def
define_corners Typical
read_liberty -corner Typical /home/metin/.volare/sky130A/libs.ref/sky130_fd_sc_hd/lib/sky130_fd_sc_hd__tt_025C_1v80.lib
Using 1e-12 for capacitance...
Using 1e+03 for resistance...
Using 1e-09 for time...
Using 1e+00 for voltage...
Using 1e-03 for current...
Using 1e-09 for power...
Using 1e-06 for distance...
Reading design constraints file at '/openlane/designs/mcu/spm.sdc'…
[WARNING] Did not save OpenROAD database!
Writing netlist to '/openlane/designs/mcu/runs/RUN_2024.07.18_16.24.01/tmp/signoff/35-mcu.nl.v'…
Writing powered netlist to '/openlane/designs/mcu/runs/RUN_2024.07.18_16.24.01/tmp/signoff/35-mcu.pnl.v'…
