OpenROAD d423155d69de7f683a23f6916ead418a615ad4ad 
Features included (+) or not (-):  +Charts +GPU +GUI +Python
This program is licensed under the BSD-3 license. See the LICENSE file for details.
Components of this program may be licensed under more restrictive licenses which must be honored.
Top-level design name: mcu
[WARNING]: Using min_distance 0.42 for #N pins to avoid overlap
Block boundaries: 0 0 69470 80190
Horizontal Tracks Origin: 340, Count: 118, Step: 680
Vertical Tracks Origin: 230, Count: 151, Step: 460
Placement details for the #N side
Virtual pin count:  0
Actual pin count:  20
Total pin count:  20
Tracks count:  151
Tracks per pin:  7
Used tracks count:  134
Unused track count:  17
Starting track index:  8
Placement Map:
[230, 690, 1150, 1610, 2070, 2530, 2990, 3450, [91m3910[0m, 4370, 4830, 5290, 5750, 6210, 6670, [91m7130[0m, 7590, 8050, 8510, 8970, 9430, 9890, [91m10350[0m, 10810, 11270, 11730, 12190, 12650, 13110, [91m13570[0m, 14030, 14490, 14950, 15410, 15870, 16330, [91m16790[0m, 17250, 17710, 18170, 18630, 19090, 19550, [91m20010[0m, 20470, 20930, 21390, 21850, 22310, 22770, [91m23230[0m, 23690, 24150, 24610, 25070, 25530, 25990, [91m26450[0m, 26910, 27370, 27830, 28290, 28750, 29210, [91m29670[0m, 30130, 30590, 31050, 31510, 31970, 32430, [91m32890[0m, 33350, 33810, 34270, 34730, 35190, 35650, [91m36110[0m, 36570, 37030, 37490, 37950, 38410, 38870, [91m39330[0m, 39790, 40250, 40710, 41170, 41630, 42090, [91m42550[0m, 43010, 43470, 43930, 44390, 44850, 45310, [91m45770[0m, 46230, 46690, 47150, 47610, 48070, 48530, [91m48990[0m, 49450, 49910, 50370, 50830, 51290, 51750, [91m52210[0m, 52670, 53130, 53590, 54050, 54510, 54970, [91m55430[0m, 55890, 56350, 56810, 57270, 57730, 58190, [91m58650[0m, 59110, 59570, 60030, 60490, 60950, 61410, [91m61870[0m, 62330, 62790, 63250, 63710, 64170, 64630, [91m65090[0m, 65550, 66010, 66470, 66930, 67390, 67850, 68310, 68770, 69230, ]
Indices of used tracks: [8, 15, 22, 29, 36, 43, 50, 57, 64, 71, 78, 85, 92, 99, 106, 113, 120, 127, 134, 141]
---
Placement details for the #E side
Virtual pin count:  0
Actual pin count:  4
Total pin count:  4
Tracks count:  59
Tracks per pin:  14
Used tracks count:  43
Unused track count:  16
Starting track index:  8
Placement Map:
[340, 1700, 3060, 4420, 5780, 7140, 8500, 9860, [91m11220[0m, 12580, 13940, 15300, 16660, 18020, 19380, 20740, 22100, 23460, 24820, 26180, 27540, 28900, [91m30260[0m, 31620, 32980, 34340, 35700, 37060, 38420, 39780, 41140, 42500, 43860, 45220, 46580, 47940, [91m49300[0m, 50660, 52020, 53380, 54740, 56100, 57460, 58820, 60180, 61540, 62900, 64260, 65620, 66980, [91m68340[0m, 69700, 71060, 72420, 73780, 75140, 76500, 77860, 79220, ]
Indices of used tracks: [8, 22, 36, 50]
---
Placement details for the #S side
Virtual pin count:  0
Actual pin count:  16
Total pin count:  16
Tracks count:  151
Tracks per pin:  9
Used tracks count:  136
Unused track count:  15
Starting track index:  7
Placement Map:
[230, 690, 1150, 1610, 2070, 2530, 2990, [91m3450[0m, 3910, 4370, 4830, 5290, 5750, 6210, 6670, 7130, [91m7590[0m, 8050, 8510, 8970, 9430, 9890, 10350, 10810, 11270, [91m11730[0m, 12190, 12650, 13110, 13570, 14030, 14490, 14950, 15410, [91m15870[0m, 16330, 16790, 17250, 17710, 18170, 18630, 19090, 19550, [91m20010[0m, 20470, 20930, 21390, 21850, 22310, 22770, 23230, 23690, [91m24150[0m, 24610, 25070, 25530, 25990, 26450, 26910, 27370, 27830, [91m28290[0m, 28750, 29210, 29670, 30130, 30590, 31050, 31510, 31970, [91m32430[0m, 32890, 33350, 33810, 34270, 34730, 35190, 35650, 36110, [91m36570[0m, 37030, 37490, 37950, 38410, 38870, 39330, 39790, 40250, [91m40710[0m, 41170, 41630, 42090, 42550, 43010, 43470, 43930, 44390, [91m44850[0m, 45310, 45770, 46230, 46690, 47150, 47610, 48070, 48530, [91m48990[0m, 49450, 49910, 50370, 50830, 51290, 51750, 52210, 52670, [91m53130[0m, 53590, 54050, 54510, 54970, 55430, 55890, 56350, 56810, [91m57270[0m, 57730, 58190, 58650, 59110, 59570, 60030, 60490, 60950, [91m61410[0m, 61870, 62330, 62790, 63250, 63710, 64170, 64630, 65090, [91m65550[0m, 66010, 66470, 66930, 67390, 67850, 68310, 68770, 69230, ]
Indices of used tracks: [7, 16, 25, 34, 43, 52, 61, 70, 79, 88, 97, 106, 115, 124, 133, 142]
---
Placement details for the #W side
Virtual pin count:  0
Actual pin count:  4
Total pin count:  4
Tracks count:  59
Tracks per pin:  14
Used tracks count:  43
Unused track count:  16
Starting track index:  8
Placement Map:
[340, 1700, 3060, 4420, 5780, 7140, 8500, 9860, [91m11220[0m, 12580, 13940, 15300, 16660, 18020, 19380, 20740, 22100, 23460, 24820, 26180, 27540, 28900, [91m30260[0m, 31620, 32980, 34340, 35700, 37060, 38420, 39780, 41140, 42500, 43860, 45220, 46580, 47940, [91m49300[0m, 50660, 52020, 53380, 54740, 56100, 57460, 58820, 60180, 61540, 62900, 64260, 65620, 66980, [91m68340[0m, 69700, 71060, 72420, 73780, 75140, 76500, 77860, 79220, ]
Indices of used tracks: [8, 22, 36, 50]
---
