Thu Jul 18 16:24:02 +0000 2024 - Executing "{openroad -exit -no_init -python /openlane/scripts/odbpy/lefutil.py get_metal_layers -o /openlane/designs/mcu/runs/RUN_2024.07.18_16.24.01/tmp/layers.list /home/metin/.volare/sky130A/libs.ref/sky130_fd_sc_hd/techlef/sky130_fd_sc_hd__nom.tlef}"

Thu Jul 18 16:24:02 +0000 2024 - Executing "{/openlane/scripts/mergeLef.py -o /openlane/designs/mcu/runs/RUN_2024.07.18_16.24.01/tmp/merged.nom.lef -i /home/metin/.volare/sky130A/libs.ref/sky130_fd_sc_hd/techlef/sky130_fd_sc_hd__nom.tlef {/home/metin/.volare/sky130A/libs.ref/sky130_fd_sc_hd/lef/sky130_ef_sc_hd.lef /home/metin/.volare/sky130A/libs.ref/sky130_fd_sc_hd/lef/sky130_fd_sc_hd.lef} |& tee /dev/null}"

Thu Jul 18 16:24:02 +0000 2024 - Executing "{/openlane/scripts/mergeLef.py -o /openlane/designs/mcu/runs/RUN_2024.07.18_16.24.01/tmp/merged.min.lef -i /home/metin/.volare/sky130A/libs.ref/sky130_fd_sc_hd/techlef/sky130_fd_sc_hd__min.tlef {/home/metin/.volare/sky130A/libs.ref/sky130_fd_sc_hd/lef/sky130_ef_sc_hd.lef /home/metin/.volare/sky130A/libs.ref/sky130_fd_sc_hd/lef/sky130_fd_sc_hd.lef} |& tee /dev/null}"

Thu Jul 18 16:24:02 +0000 2024 - Executing "{/openlane/scripts/mergeLef.py -o /openlane/designs/mcu/runs/RUN_2024.07.18_16.24.01/tmp/merged.max.lef -i /home/metin/.volare/sky130A/libs.ref/sky130_fd_sc_hd/techlef/sky130_fd_sc_hd__max.tlef {/home/metin/.volare/sky130A/libs.ref/sky130_fd_sc_hd/lef/sky130_ef_sc_hd.lef /home/metin/.volare/sky130A/libs.ref/sky130_fd_sc_hd/lef/sky130_fd_sc_hd.lef} |& tee /dev/null}"

Thu Jul 18 16:24:02 +0000 2024 - Executing "{python3 /openlane/scripts/mergeLib.py --output /openlane/designs/mcu/runs/RUN_2024.07.18_16.24.01/tmp/synthesis/merged.lib --name sky130A_merged /home/metin/.volare/sky130A/libs.ref/sky130_fd_sc_hd/lib/sky130_fd_sc_hd__tt_025C_1v80.lib}"

Thu Jul 18 16:24:03 +0000 2024 - Executing "{python3 /openlane/scripts/libtrim.py --cell-file /openlane/designs/mcu/runs/RUN_2024.07.18_16.24.01/tmp/synthesis/trimmed.lib.exclude.list --output /openlane/designs/mcu/runs/RUN_2024.07.18_16.24.01/tmp/synthesis/trimmed.lib /openlane/designs/mcu/runs/RUN_2024.07.18_16.24.01/tmp/synthesis/merged.lib}"

Thu Jul 18 16:24:03 +0000 2024 - Executing "{python3 /openlane/scripts/libtrim.py --cell-file /openlane/designs/mcu/runs/RUN_2024.07.18_16.24.01/tmp/cts/cts.lib.exclude.list --output /openlane/designs/mcu/runs/RUN_2024.07.18_16.24.01/tmp/cts/cts.lib /home/metin/.volare/sky130A/libs.ref/sky130_fd_sc_hd/lib/sky130_fd_sc_hd__tt_025C_1v80.lib}"

Thu Jul 18 16:24:03 +0000 2024 - Executing "{python3 /openlane/scripts/libtrim.py --cell-file /openlane/designs/mcu/runs/RUN_2024.07.18_16.24.01/tmp/cts/cts-fastest.lib.exclude.list --output /openlane/designs/mcu/runs/RUN_2024.07.18_16.24.01/tmp/cts/cts-fastest.lib /home/metin/.volare/sky130A/libs.ref/sky130_fd_sc_hd/lib/sky130_fd_sc_hd__ff_n40C_1v95.lib}"

Thu Jul 18 16:24:04 +0000 2024 - Executing "{python3 /openlane/scripts/libtrim.py --cell-file /openlane/designs/mcu/runs/RUN_2024.07.18_16.24.01/tmp/cts/cts-slowest.lib.exclude.list --output /openlane/designs/mcu/runs/RUN_2024.07.18_16.24.01/tmp/cts/cts-slowest.lib /home/metin/.volare/sky130A/libs.ref/sky130_fd_sc_hd/lib/sky130_fd_sc_hd__ss_100C_1v60.lib}"

Thu Jul 18 16:24:04 +0000 2024 - Executing "{python3 /openlane/scripts/new_tracks.py -i /home/metin/.volare/sky130A/libs.tech/openlane/sky130_fd_sc_hd/tracks.info -o /openlane/designs/mcu/runs/RUN_2024.07.18_16.24.01/tmp/routing/config.tracks}"

Thu Jul 18 16:24:05 +0000 2024 - Executing "{echo {OpenLane a0e805e70f9dca8e80286ed807195008a2fc36c0} > /openlane/designs/mcu/runs/RUN_2024.07.18_16.24.01/OPENLANE_VERSION}"

Thu Jul 18 16:24:05 +0000 2024 - Executing "{sed -E {s/^([[:space:]]+)pg_pin(.*)/\1pin\2\n\1    direction : "inout";/g} /home/metin/.volare/sky130A/libs.ref/sky130_fd_sc_hd/lib/sky130_fd_sc_hd__tt_025C_1v80.lib > /openlane/designs/mcu/runs/RUN_2024.07.18_16.24.01/tmp/synthesis/1-sky130_fd_sc_hd__tt_025C_1v80.no_pg.lib}"

Thu Jul 18 16:24:05 +0000 2024 - Executing "{sed -E {s/^([[:space:]]+)pg_pin(.*)/\1pin\2\n\1    direction : "inout";/g} /openlane/designs/mcu/runs/RUN_2024.07.18_16.24.01/tmp/synthesis/trimmed.lib > /openlane/designs/mcu/runs/RUN_2024.07.18_16.24.01/tmp/synthesis/1-trimmed.no_pg.lib}"

Thu Jul 18 16:24:05 +0000 2024 - Executing "yosys -c /openlane/scripts/yosys/synth.tcl |& tee /dev/null /openlane/designs/mcu/runs/RUN_2024.07.18_16.24.01/logs/synthesis/1-synthesis.log"

Thu Jul 18 16:24:05 +0000 2024 - Executing "{yosys -c /openlane/scripts/yosys/synth.tcl |& tee /dev/null /openlane/designs/mcu/runs/RUN_2024.07.18_16.24.01/logs/synthesis/1-synthesis.log}"

Thu Jul 18 16:24:08 +0000 2024 - Executing "{sed -i.bak -e {s/\(set ::env(CURRENT_NETLIST)\).*/\1 \/openlane\/designs\/mcu\/runs\/RUN_2024.07.18_16.24.01\/results\/synthesis\/mcu.v/} /openlane/designs/mcu/runs/RUN_2024.07.18_16.24.01/config.tcl}"

Thu Jul 18 16:24:08 +0000 2024 - Executing "{sed -i.bak /defparam/d /openlane/designs/mcu/runs/RUN_2024.07.18_16.24.01/results/synthesis/mcu.v}"

Thu Jul 18 16:24:09 +0000 2024 - Executing "sta -exit -no_init /openlane/scripts/openroad/sta/multi_corner.tcl |& tee /dev/null /openlane/designs/mcu/runs/RUN_2024.07.18_16.24.01/logs/synthesis/2-sta.log"

Thu Jul 18 16:24:09 +0000 2024 - Executing "{sta -exit -no_init /openlane/scripts/openroad/sta/multi_corner.tcl |& tee /dev/null /openlane/designs/mcu/runs/RUN_2024.07.18_16.24.01/logs/synthesis/2-sta.log}"

Thu Jul 18 16:24:09 +0000 2024 - Executing "openroad -exit /openlane/scripts/openroad/floorplan.tcl |& tee /dev/null /openlane/designs/mcu/runs/RUN_2024.07.18_16.24.01/logs/floorplan/3-initial_fp.log"

Thu Jul 18 16:24:09 +0000 2024 - Executing "{openroad -exit /openlane/scripts/openroad/floorplan.tcl |& tee /dev/null /openlane/designs/mcu/runs/RUN_2024.07.18_16.24.01/logs/floorplan/3-initial_fp.log}"

Thu Jul 18 16:24:10 +0000 2024 - Executing "{openroad -exit -no_init -python /openlane/scripts/odbpy/defutil.py extract_core_dims --output-data /openlane/designs/mcu/runs/RUN_2024.07.18_16.24.01/tmp/dimensions.txt --input-lef /openlane/designs/mcu/runs/RUN_2024.07.18_16.24.01/tmp/merged.nom.lef /openlane/designs/mcu/runs/RUN_2024.07.18_16.24.01/tmp/floorplan/3-initial_fp.def}"

Thu Jul 18 16:24:11 +0000 2024 - Executing "{openroad -exit -no_init -python /openlane/scripts/odbpy/io_place.py --config /openlane/designs/mcu/pin_order.cfg --hor-layer met3 --ver-layer met2 --ver-width-mult 2 --hor-width-mult 2 --hor-extension 0 --ver-extension 0 --length 4 --unmatched-error --input-lef /openlane/designs/mcu/runs/RUN_2024.07.18_16.24.01/tmp/merged.nom.lef --output-def /openlane/designs/mcu/runs/RUN_2024.07.18_16.24.01/tmp/floorplan/4-io.def --output /openlane/designs/mcu/runs/RUN_2024.07.18_16.24.01/tmp/floorplan/4-io.odb /openlane/designs/mcu/runs/RUN_2024.07.18_16.24.01/tmp/floorplan/3-initial_fp.odb |& tee /dev/null /openlane/designs/mcu/runs/RUN_2024.07.18_16.24.01/logs/floorplan/4-place_io.log}"

Thu Jul 18 16:24:11 +0000 2024 - Executing "openroad -exit /openlane/scripts/openroad/tapcell.tcl |& tee /dev/null /openlane/designs/mcu/runs/RUN_2024.07.18_16.24.01/logs/floorplan/5-tap.log"

Thu Jul 18 16:24:11 +0000 2024 - Executing "{openroad -exit /openlane/scripts/openroad/tapcell.tcl |& tee /dev/null /openlane/designs/mcu/runs/RUN_2024.07.18_16.24.01/logs/floorplan/5-tap.log}"

Thu Jul 18 16:24:12 +0000 2024 - Executing "openroad -exit /openlane/scripts/openroad/pdn.tcl |& tee /dev/null /openlane/designs/mcu/runs/RUN_2024.07.18_16.24.01/logs/floorplan/6-pdn.log"

Thu Jul 18 16:24:12 +0000 2024 - Executing "{openroad -exit /openlane/scripts/openroad/pdn.tcl |& tee /dev/null /openlane/designs/mcu/runs/RUN_2024.07.18_16.24.01/logs/floorplan/6-pdn.log}"

Thu Jul 18 16:24:13 +0000 2024 - Executing "openroad -exit /openlane/scripts/openroad/gpl.tcl |& tee /dev/null /openlane/designs/mcu/runs/RUN_2024.07.18_16.24.01/logs/placement/6-global.log"

Thu Jul 18 16:24:13 +0000 2024 - Executing "{openroad -exit /openlane/scripts/openroad/gpl.tcl |& tee /dev/null /openlane/designs/mcu/runs/RUN_2024.07.18_16.24.01/logs/placement/6-global.log}"

Thu Jul 18 16:24:15 +0000 2024 - Executing "{sed -i.bak -e {s/\(set ::env(CURRENT_NETLIST)\).*/\1 \/openlane\/designs\/mcu\/runs\/RUN_2024.07.18_16.24.01\/tmp\/placement\/7-global.nl.v/} /openlane/designs/mcu/runs/RUN_2024.07.18_16.24.01/config.tcl}"

Thu Jul 18 16:24:15 +0000 2024 - Executing "openroad -exit /openlane/scripts/openroad/sta/multi_corner.tcl |& tee /dev/null /openlane/designs/mcu/runs/RUN_2024.07.18_16.24.01/logs/placement/8-gpl_sta.log"

Thu Jul 18 16:24:15 +0000 2024 - Executing "{openroad -exit /openlane/scripts/openroad/sta/multi_corner.tcl |& tee /dev/null /openlane/designs/mcu/runs/RUN_2024.07.18_16.24.01/logs/placement/8-gpl_sta.log}"

Thu Jul 18 16:24:16 +0000 2024 - Executing "openroad -exit /openlane/scripts/openroad/resizer.tcl |& tee /dev/null /openlane/designs/mcu/runs/RUN_2024.07.18_16.24.01/logs/placement/9-resizer.log"

Thu Jul 18 16:24:16 +0000 2024 - Executing "{openroad -exit /openlane/scripts/openroad/resizer.tcl |& tee /dev/null /openlane/designs/mcu/runs/RUN_2024.07.18_16.24.01/logs/placement/9-resizer.log}"

Thu Jul 18 16:24:18 +0000 2024 - Executing "{sed -i.bak -e {s/\(set ::env(CURRENT_NETLIST)\).*/\1 \/openlane\/designs\/mcu\/runs\/RUN_2024.07.18_16.24.01\/tmp\/placement\/9-resizer.nl.v/} /openlane/designs/mcu/runs/RUN_2024.07.18_16.24.01/config.tcl}"

Thu Jul 18 16:24:18 +0000 2024 - Executing "openroad -exit /openlane/scripts/openroad/dpl.tcl |& tee /dev/null /openlane/designs/mcu/runs/RUN_2024.07.18_16.24.01/logs/placement/10-detailed.log"

Thu Jul 18 16:24:18 +0000 2024 - Executing "{openroad -exit /openlane/scripts/openroad/dpl.tcl |& tee /dev/null /openlane/designs/mcu/runs/RUN_2024.07.18_16.24.01/logs/placement/10-detailed.log}"

Thu Jul 18 16:24:19 +0000 2024 - Executing "{sed -i.bak -e {s/\(set ::env(CURRENT_NETLIST)\).*/\1 \/openlane\/designs\/mcu\/runs\/RUN_2024.07.18_16.24.01\/results\/placement\/mcu.nl.v/} /openlane/designs/mcu/runs/RUN_2024.07.18_16.24.01/config.tcl}"

Thu Jul 18 16:24:19 +0000 2024 - Executing "openroad -exit /openlane/scripts/openroad/sta/multi_corner.tcl |& tee /dev/null /openlane/designs/mcu/runs/RUN_2024.07.18_16.24.01/logs/placement/11-dpl_sta.log"

Thu Jul 18 16:24:19 +0000 2024 - Executing "{openroad -exit /openlane/scripts/openroad/sta/multi_corner.tcl |& tee /dev/null /openlane/designs/mcu/runs/RUN_2024.07.18_16.24.01/logs/placement/11-dpl_sta.log}"

Thu Jul 18 16:24:20 +0000 2024 - Executing "openroad -exit /openlane/scripts/openroad/cts.tcl |& tee /dev/null /openlane/designs/mcu/runs/RUN_2024.07.18_16.24.01/logs/cts/12-cts.log"

Thu Jul 18 16:24:20 +0000 2024 - Executing "{openroad -exit /openlane/scripts/openroad/cts.tcl |& tee /dev/null /openlane/designs/mcu/runs/RUN_2024.07.18_16.24.01/logs/cts/12-cts.log}"

Thu Jul 18 16:24:28 +0000 2024 - Executing "openroad -exit /openlane/scripts/openroad/sta/multi_corner.tcl |& tee /dev/null /openlane/designs/mcu/runs/RUN_2024.07.18_16.24.01/logs/cts/13-cts_sta.log"

Thu Jul 18 16:24:28 +0000 2024 - Executing "{openroad -exit /openlane/scripts/openroad/sta/multi_corner.tcl |& tee /dev/null /openlane/designs/mcu/runs/RUN_2024.07.18_16.24.01/logs/cts/13-cts_sta.log}"

Thu Jul 18 16:24:29 +0000 2024 - Executing "openroad -exit /openlane/scripts/openroad/resizer_timing.tcl |& tee /dev/null /openlane/designs/mcu/runs/RUN_2024.07.18_16.24.01/logs/cts/14-resizer.log"

Thu Jul 18 16:24:29 +0000 2024 - Executing "{openroad -exit /openlane/scripts/openroad/resizer_timing.tcl |& tee /dev/null /openlane/designs/mcu/runs/RUN_2024.07.18_16.24.01/logs/cts/14-resizer.log}"

Thu Jul 18 16:24:31 +0000 2024 - Executing "{sed -i.bak -e {s/\(set ::env(CURRENT_NETLIST)\).*/\1 \/openlane\/designs\/mcu\/runs\/RUN_2024.07.18_16.24.01\/tmp\/cts\/14-mcu.resized.nl.v/} /openlane/designs/mcu/runs/RUN_2024.07.18_16.24.01/config.tcl}"

Thu Jul 18 16:24:31 +0000 2024 - Executing "openroad -exit /openlane/scripts/openroad/resizer_routing_design.tcl |& tee /dev/null /openlane/designs/mcu/runs/RUN_2024.07.18_16.24.01/logs/routing/15-resizer_design.log"

Thu Jul 18 16:24:31 +0000 2024 - Executing "{openroad -exit /openlane/scripts/openroad/resizer_routing_design.tcl |& tee /dev/null /openlane/designs/mcu/runs/RUN_2024.07.18_16.24.01/logs/routing/15-resizer_design.log}"

Thu Jul 18 16:24:33 +0000 2024 - Executing "{sed -i.bak -e {s/\(set ::env(CURRENT_NETLIST)\).*/\1 \/openlane\/designs\/mcu\/runs\/RUN_2024.07.18_16.24.01\/tmp\/15-mcu.nl.v/} /openlane/designs/mcu/runs/RUN_2024.07.18_16.24.01/config.tcl}"

Thu Jul 18 16:24:34 +0000 2024 - Executing "openroad -exit /openlane/scripts/openroad/sta/multi_corner.tcl |& tee /dev/null /openlane/designs/mcu/runs/RUN_2024.07.18_16.24.01/logs/routing/16-rsz_design_sta.log"

Thu Jul 18 16:24:34 +0000 2024 - Executing "{openroad -exit /openlane/scripts/openroad/sta/multi_corner.tcl |& tee /dev/null /openlane/designs/mcu/runs/RUN_2024.07.18_16.24.01/logs/routing/16-rsz_design_sta.log}"

Thu Jul 18 16:24:34 +0000 2024 - Executing "openroad -exit /openlane/scripts/openroad/resizer_routing_timing.tcl |& tee /dev/null /openlane/designs/mcu/runs/RUN_2024.07.18_16.24.01/logs/routing/17-resizer_timing.log"

Thu Jul 18 16:24:34 +0000 2024 - Executing "{openroad -exit /openlane/scripts/openroad/resizer_routing_timing.tcl |& tee /dev/null /openlane/designs/mcu/runs/RUN_2024.07.18_16.24.01/logs/routing/17-resizer_timing.log}"

Thu Jul 18 16:24:37 +0000 2024 - Executing "{sed -i.bak -e {s/\(set ::env(CURRENT_NETLIST)\).*/\1 \/openlane\/designs\/mcu\/runs\/RUN_2024.07.18_16.24.01\/tmp\/17-mcu.nl.v/} /openlane/designs/mcu/runs/RUN_2024.07.18_16.24.01/config.tcl}"

Thu Jul 18 16:24:37 +0000 2024 - Executing "openroad -exit /openlane/scripts/openroad/sta/multi_corner.tcl |& tee /dev/null /openlane/designs/mcu/runs/RUN_2024.07.18_16.24.01/logs/routing/18-rsz_timing_sta.log"

Thu Jul 18 16:24:37 +0000 2024 - Executing "{openroad -exit /openlane/scripts/openroad/sta/multi_corner.tcl |& tee /dev/null /openlane/designs/mcu/runs/RUN_2024.07.18_16.24.01/logs/routing/18-rsz_timing_sta.log}"

Thu Jul 18 16:24:37 +0000 2024 - Executing "openroad -exit /openlane/scripts/openroad/repair_antennas.tcl |& tee /dev/null /openlane/designs/mcu/runs/RUN_2024.07.18_16.24.01/logs/routing/19-global.log"

Thu Jul 18 16:24:37 +0000 2024 - Executing "{openroad -exit /openlane/scripts/openroad/repair_antennas.tcl |& tee /dev/null /openlane/designs/mcu/runs/RUN_2024.07.18_16.24.01/logs/routing/19-global.log}"

Thu Jul 18 16:24:38 +0000 2024 - Executing "openroad -exit /openlane/scripts/openroad/write_views.tcl |& tee /dev/null /openlane/designs/mcu/runs/RUN_2024.07.18_16.24.01/logs/routing/19-global_write_netlist.log"

Thu Jul 18 16:24:38 +0000 2024 - Executing "{openroad -exit /openlane/scripts/openroad/write_views.tcl |& tee /dev/null /openlane/designs/mcu/runs/RUN_2024.07.18_16.24.01/logs/routing/19-global_write_netlist.log}"

Thu Jul 18 16:24:39 +0000 2024 - Executing "{sed -i.bak -e {s/\(set ::env(CURRENT_NETLIST)\).*/\1 \/openlane\/designs\/mcu\/runs\/RUN_2024.07.18_16.24.01\/tmp\/routing\/global.nl.v/} /openlane/designs/mcu/runs/RUN_2024.07.18_16.24.01/config.tcl}"

Thu Jul 18 16:24:39 +0000 2024 - Executing "openroad -exit /openlane/scripts/openroad/sta/multi_corner.tcl |& tee /dev/null /openlane/designs/mcu/runs/RUN_2024.07.18_16.24.01/logs/routing/21-grt_sta.log"

Thu Jul 18 16:24:39 +0000 2024 - Executing "{openroad -exit /openlane/scripts/openroad/sta/multi_corner.tcl |& tee /dev/null /openlane/designs/mcu/runs/RUN_2024.07.18_16.24.01/logs/routing/21-grt_sta.log}"

Thu Jul 18 16:24:40 +0000 2024 - Executing "openroad -exit /openlane/scripts/openroad/fill.tcl |& tee /dev/null /openlane/designs/mcu/runs/RUN_2024.07.18_16.24.01/logs/routing/22-fill.log"

Thu Jul 18 16:24:40 +0000 2024 - Executing "{openroad -exit /openlane/scripts/openroad/fill.tcl |& tee /dev/null /openlane/designs/mcu/runs/RUN_2024.07.18_16.24.01/logs/routing/22-fill.log}"

Thu Jul 18 16:24:41 +0000 2024 - Executing "{sed -i.bak -e {s/\(set ::env(CURRENT_NETLIST)\).*/\1 \/openlane\/designs\/mcu\/runs\/RUN_2024.07.18_16.24.01\/tmp\/routing\/22-fill.nl.v/} /openlane/designs/mcu/runs/RUN_2024.07.18_16.24.01/config.tcl}"

Thu Jul 18 16:24:41 +0000 2024 - Executing "openroad -exit -metrics /openlane/designs/mcu/runs/RUN_2024.07.18_16.24.01/reports/routing/23-drt_metrics.json /openlane/scripts/openroad/droute.tcl |& tee /dev/null /openlane/designs/mcu/runs/RUN_2024.07.18_16.24.01/logs/routing/23-detailed.log"

Thu Jul 18 16:24:41 +0000 2024 - Executing "{openroad -exit -metrics /openlane/designs/mcu/runs/RUN_2024.07.18_16.24.01/reports/routing/23-drt_metrics.json /openlane/scripts/openroad/droute.tcl |& tee /dev/null /openlane/designs/mcu/runs/RUN_2024.07.18_16.24.01/logs/routing/23-detailed.log}"

Thu Jul 18 16:24:53 +0000 2024 - Executing "{sed -i.bak -e {s/\(set ::env(CURRENT_NETLIST)\).*/\1 \/openlane\/designs\/mcu\/runs\/RUN_2024.07.18_16.24.01\/results\/routing\/mcu.nl.v/} /openlane/designs/mcu/runs/RUN_2024.07.18_16.24.01/config.tcl}"

Thu Jul 18 16:24:53 +0000 2024 - Executing "{python3 /openlane/scripts/drc_rosetta.py tr to_klayout -o /openlane/designs/mcu/runs/RUN_2024.07.18_16.24.01/reports/routing/drt.klayout.xml --design-name mcu /openlane/designs/mcu/runs/RUN_2024.07.18_16.24.01/reports/routing/drt.drc}"

Thu Jul 18 16:24:54 +0000 2024 - Executing "{openroad -exit -no_init -python /openlane/scripts/odbpy/wire_lengths.py --report-out /openlane/designs/mcu/runs/RUN_2024.07.18_16.24.01/reports/routing/24-wire_lengths.csv --input-lef /openlane/designs/mcu/runs/RUN_2024.07.18_16.24.01/tmp/merged.nom.lef --output-def /dev/null --output /openlane/designs/mcu/runs/RUN_2024.07.18_16.24.01/results/routing/mcu.odb /openlane/designs/mcu/runs/RUN_2024.07.18_16.24.01/results/routing/mcu.odb |& tee /dev/null /openlane/designs/mcu/runs/RUN_2024.07.18_16.24.01/logs/routing/24-wire_lengths.log}"

Thu Jul 18 16:24:55 +0000 2024 - Executing "openroad -exit /openlane/scripts/openroad/rcx.tcl |& tee /dev/null /openlane/designs/mcu/runs/RUN_2024.07.18_16.24.01/logs/signoff/25-parasitics_extraction.min.log"

Thu Jul 18 16:24:55 +0000 2024 - Executing "{openroad -exit /openlane/scripts/openroad/rcx.tcl |& tee /dev/null /openlane/designs/mcu/runs/RUN_2024.07.18_16.24.01/logs/signoff/25-parasitics_extraction.min.log}"

Thu Jul 18 16:24:56 +0000 2024 - Executing "sta -exit -no_init /openlane/scripts/openroad/sta/multi_corner.tcl |& tee /dev/null /openlane/designs/mcu/runs/RUN_2024.07.18_16.24.01/logs/signoff/26-rcx_mcsta.min.log"

Thu Jul 18 16:24:56 +0000 2024 - Executing "{sta -exit -no_init /openlane/scripts/openroad/sta/multi_corner.tcl |& tee /dev/null /openlane/designs/mcu/runs/RUN_2024.07.18_16.24.01/logs/signoff/26-rcx_mcsta.min.log}"

Thu Jul 18 16:24:58 +0000 2024 - Executing "openroad -exit /openlane/scripts/openroad/rcx.tcl |& tee /dev/null /openlane/designs/mcu/runs/RUN_2024.07.18_16.24.01/logs/signoff/27-parasitics_extraction.max.log"

Thu Jul 18 16:24:58 +0000 2024 - Executing "{openroad -exit /openlane/scripts/openroad/rcx.tcl |& tee /dev/null /openlane/designs/mcu/runs/RUN_2024.07.18_16.24.01/logs/signoff/27-parasitics_extraction.max.log}"

Thu Jul 18 16:24:59 +0000 2024 - Executing "sta -exit -no_init /openlane/scripts/openroad/sta/multi_corner.tcl |& tee /dev/null /openlane/designs/mcu/runs/RUN_2024.07.18_16.24.01/logs/signoff/28-rcx_mcsta.max.log"

Thu Jul 18 16:24:59 +0000 2024 - Executing "{sta -exit -no_init /openlane/scripts/openroad/sta/multi_corner.tcl |& tee /dev/null /openlane/designs/mcu/runs/RUN_2024.07.18_16.24.01/logs/signoff/28-rcx_mcsta.max.log}"

Thu Jul 18 16:25:01 +0000 2024 - Executing "openroad -exit /openlane/scripts/openroad/rcx.tcl |& tee /dev/null /openlane/designs/mcu/runs/RUN_2024.07.18_16.24.01/logs/signoff/29-parasitics_extraction.nom.log"

Thu Jul 18 16:25:01 +0000 2024 - Executing "{openroad -exit /openlane/scripts/openroad/rcx.tcl |& tee /dev/null /openlane/designs/mcu/runs/RUN_2024.07.18_16.24.01/logs/signoff/29-parasitics_extraction.nom.log}"

Thu Jul 18 16:25:01 +0000 2024 - Executing "sta -exit -no_init /openlane/scripts/openroad/sta/multi_corner.tcl |& tee /dev/null /openlane/designs/mcu/runs/RUN_2024.07.18_16.24.01/logs/signoff/30-rcx_mcsta.nom.log"

Thu Jul 18 16:25:01 +0000 2024 - Executing "{sta -exit -no_init /openlane/scripts/openroad/sta/multi_corner.tcl |& tee /dev/null /openlane/designs/mcu/runs/RUN_2024.07.18_16.24.01/logs/signoff/30-rcx_mcsta.nom.log}"

Thu Jul 18 16:25:04 +0000 2024 - Executing "openroad -exit /openlane/scripts/openroad/irdrop.tcl |& tee /dev/null /openlane/designs/mcu/runs/RUN_2024.07.18_16.24.01/logs/signoff/31-irdrop.log"

Thu Jul 18 16:25:04 +0000 2024 - Executing "{openroad -exit /openlane/scripts/openroad/irdrop.tcl |& tee /dev/null /openlane/designs/mcu/runs/RUN_2024.07.18_16.24.01/logs/signoff/31-irdrop.log}"

Thu Jul 18 16:25:05 +0000 2024 - Executing "magic -noconsole -dnull -rcfile /home/metin/.volare/sky130A/libs.tech/magic/sky130A.magicrc < /openlane/scripts/magic/wrapper.tcl |& tee /dev/null /openlane/designs/mcu/runs/RUN_2024.07.18_16.24.01/logs/signoff/32-gdsii.log"

Thu Jul 18 16:25:05 +0000 2024 - Executing "{magic -noconsole -dnull -rcfile /home/metin/.volare/sky130A/libs.tech/magic/sky130A.magicrc < /openlane/scripts/magic/wrapper.tcl |& tee /dev/null /openlane/designs/mcu/runs/RUN_2024.07.18_16.24.01/logs/signoff/32-gdsii.log}"

Thu Jul 18 16:25:07 +0000 2024 - Executing "magic -noconsole -dnull -rcfile /home/metin/.volare/sky130A/libs.tech/magic/sky130A.magicrc < /openlane/scripts/magic/wrapper.tcl |& tee /dev/null /openlane/designs/mcu/runs/RUN_2024.07.18_16.24.01/logs/signoff/32-gds_ptrs.log"

Thu Jul 18 16:25:07 +0000 2024 - Executing "{magic -noconsole -dnull -rcfile /home/metin/.volare/sky130A/libs.tech/magic/sky130A.magicrc < /openlane/scripts/magic/wrapper.tcl |& tee /dev/null /openlane/designs/mcu/runs/RUN_2024.07.18_16.24.01/logs/signoff/32-gds_ptrs.log}"

Thu Jul 18 16:25:07 +0000 2024 - Executing "{sed -i.bak -n {/^<< properties >>/,/^<< end >>/p} /openlane/designs/mcu/runs/RUN_2024.07.18_16.24.01/tmp/signoff/gds_ptrs.mag}"

Thu Jul 18 16:25:07 +0000 2024 - Executing "magic -noconsole -dnull -rcfile /home/metin/.volare/sky130A/libs.tech/magic/sky130A.magicrc < /openlane/scripts/magic/wrapper.tcl |& tee /dev/null /openlane/designs/mcu/runs/RUN_2024.07.18_16.24.01/logs/signoff/32-lef.log"

Thu Jul 18 16:25:07 +0000 2024 - Executing "{magic -noconsole -dnull -rcfile /home/metin/.volare/sky130A/libs.tech/magic/sky130A.magicrc < /openlane/scripts/magic/wrapper.tcl |& tee /dev/null /openlane/designs/mcu/runs/RUN_2024.07.18_16.24.01/logs/signoff/32-lef.log}"

Thu Jul 18 16:25:07 +0000 2024 - Executing "magic -noconsole -dnull -rcfile /home/metin/.volare/sky130A/libs.tech/magic/sky130A.magicrc < /openlane/scripts/magic/wrapper.tcl |& tee /dev/null /openlane/designs/mcu/runs/RUN_2024.07.18_16.24.01/logs/signoff/32-maglef.log"

Thu Jul 18 16:25:08 +0000 2024 - Executing "{magic -noconsole -dnull -rcfile /home/metin/.volare/sky130A/libs.tech/magic/sky130A.magicrc < /openlane/scripts/magic/wrapper.tcl |& tee /dev/null /openlane/designs/mcu/runs/RUN_2024.07.18_16.24.01/logs/signoff/32-maglef.log}"

Thu Jul 18 16:25:08 +0000 2024 - Executing "{python3 /openlane/scripts/klayout/stream_out.py --output /openlane/designs/mcu/runs/RUN_2024.07.18_16.24.01/results/signoff/mcu.klayout.gds --lyt /home/metin/.volare/sky130A/libs.tech/klayout/tech/sky130A.lyt --lym /home/metin/.volare/sky130A/libs.tech/klayout/tech/sky130A.map --lyp /home/metin/.volare/sky130A/libs.tech/klayout/tech/sky130A.lyp --top mcu --with-gds-file /home/metin/.volare/sky130A/libs.ref/sky130_fd_sc_hd/gds/sky130_fd_sc_hd.gds --input-lef /openlane/designs/mcu/runs/RUN_2024.07.18_16.24.01/tmp/merged.nom.lef /openlane/designs/mcu/runs/RUN_2024.07.18_16.24.01/results/routing/mcu.def |& tee /dev/null /openlane/designs/mcu/runs/RUN_2024.07.18_16.24.01/logs/signoff/33-gdsii-klayout.log}"

Thu Jul 18 16:25:11 +0000 2024 - Executing "{klayout -b -r /openlane/scripts/klayout/xor.drc -rd a=/openlane/designs/mcu/runs/RUN_2024.07.18_16.24.01/results/signoff/mcu.gds -rd b=/openlane/designs/mcu/runs/RUN_2024.07.18_16.24.01/results/signoff/mcu.klayout.gds -rd jobs=1 -rd rdb_out=/openlane/designs/mcu/runs/RUN_2024.07.18_16.24.01/reports/signoff/34-xor.xml -rd ignore=81/14 -rd rpt_out=/openlane/designs/mcu/runs/RUN_2024.07.18_16.24.01/reports/signoff/34-xor.rpt |& tee /dev/null /openlane/designs/mcu/runs/RUN_2024.07.18_16.24.01/logs/signoff/34-xor.log}"

Thu Jul 18 16:25:13 +0000 2024 - Executing "magic -noconsole -dnull -rcfile /home/metin/.volare/sky130A/libs.tech/magic/sky130A.magicrc < /openlane/scripts/magic/wrapper.tcl |& tee /dev/null /openlane/designs/mcu/runs/RUN_2024.07.18_16.24.01/logs/signoff/35-spice.log"

Thu Jul 18 16:25:13 +0000 2024 - Executing "{magic -noconsole -dnull -rcfile /home/metin/.volare/sky130A/libs.tech/magic/sky130A.magicrc < /openlane/scripts/magic/wrapper.tcl |& tee /dev/null /openlane/designs/mcu/runs/RUN_2024.07.18_16.24.01/logs/signoff/35-spice.log}"

Thu Jul 18 16:25:14 +0000 2024 - Executing "{openroad -exit -no_init -python /openlane/scripts/odbpy/power_utils.py write_powered_def --output /openlane/designs/mcu/runs/RUN_2024.07.18_16.24.01/tmp/signoff/35-mcu.p.def --input-lef /openlane/designs/mcu/runs/RUN_2024.07.18_16.24.01/tmp/merged.nom.lef --power-port VPWR --ground-port VGND --powered-netlist {} /openlane/designs/mcu/runs/RUN_2024.07.18_16.24.01/results/routing/mcu.def |& tee /dev/null /openlane/designs/mcu/runs/RUN_2024.07.18_16.24.01/logs/signoff/36-write_powered_def.log}"

Thu Jul 18 16:25:15 +0000 2024 - Executing "openroad -exit /openlane/scripts/openroad/write_views.tcl |& tee /dev/null /openlane/designs/mcu/runs/RUN_2024.07.18_16.24.01/logs/signoff/36-write_powered_verilog.log"

Thu Jul 18 16:25:15 +0000 2024 - Executing "{openroad -exit /openlane/scripts/openroad/write_views.tcl |& tee /dev/null /openlane/designs/mcu/runs/RUN_2024.07.18_16.24.01/logs/signoff/36-write_powered_verilog.log}"

Thu Jul 18 16:25:16 +0000 2024 - Executing "{sed -i.bak -e {s/\(set ::env(CURRENT_NETLIST)\).*/\1 \/openlane\/designs\/mcu\/runs\/RUN_2024.07.18_16.24.01\/tmp\/signoff\/35-mcu.nl.v/} /openlane/designs/mcu/runs/RUN_2024.07.18_16.24.01/config.tcl}"

Thu Jul 18 16:25:16 +0000 2024 - Executing "{netgen -batch source /openlane/designs/mcu/runs/RUN_2024.07.18_16.24.01/tmp/signoff/38-setup_file.lef.lvs |& tee /dev/null /openlane/designs/mcu/runs/RUN_2024.07.18_16.24.01/logs/signoff/38-lvs.lef.log}"

Thu Jul 18 16:25:17 +0000 2024 - Executing "magic -noconsole -dnull -rcfile /home/metin/.volare/sky130A/libs.tech/magic/sky130A.magicrc < /openlane/scripts/magic/wrapper.tcl |& tee /dev/null /openlane/designs/mcu/runs/RUN_2024.07.18_16.24.01/logs/signoff/39-drc.log"

Thu Jul 18 16:25:17 +0000 2024 - Executing "{magic -noconsole -dnull -rcfile /home/metin/.volare/sky130A/libs.tech/magic/sky130A.magicrc < /openlane/scripts/magic/wrapper.tcl |& tee /dev/null /openlane/designs/mcu/runs/RUN_2024.07.18_16.24.01/logs/signoff/39-drc.log}"

Thu Jul 18 16:25:18 +0000 2024 - Executing "{python3 /openlane/scripts/drc_rosetta.py magic to_tcl -o /openlane/designs/mcu/runs/RUN_2024.07.18_16.24.01/reports/signoff/drc.tcl /openlane/designs/mcu/runs/RUN_2024.07.18_16.24.01/reports/signoff/drc.rpt}"

Thu Jul 18 16:25:18 +0000 2024 - Executing "{python3 /openlane/scripts/drc_rosetta.py magic to_tr -o /openlane/designs/mcu/runs/RUN_2024.07.18_16.24.01/reports/signoff/drc.tr /openlane/designs/mcu/runs/RUN_2024.07.18_16.24.01/reports/signoff/drc.rpt}"

Thu Jul 18 16:25:18 +0000 2024 - Executing "{python3 /openlane/scripts/drc_rosetta.py tr to_klayout -o /openlane/designs/mcu/runs/RUN_2024.07.18_16.24.01/reports/signoff/drc.klayout.xml --design-name mcu /openlane/designs/mcu/runs/RUN_2024.07.18_16.24.01/reports/signoff/drc.tr}"

Thu Jul 18 16:25:18 +0000 2024 - Executing "{python3 /openlane/scripts/drc_rosetta.py magic to_rdb -o /openlane/designs/mcu/runs/RUN_2024.07.18_16.24.01/reports/signoff/drc.rdb /openlane/designs/mcu/runs/RUN_2024.07.18_16.24.01/reports/signoff/drc.rpt}"

Thu Jul 18 16:25:18 +0000 2024 - Executing "{klayout -b -zz -r /home/metin/.volare/sky130A/libs.tech/klayout/drc/sky130A_mr.drc -rd topcell=mcu -rd input=/openlane/designs/mcu/runs/RUN_2024.07.18_16.24.01/results/signoff/mcu.gds -rd report=/openlane/designs/mcu/runs/RUN_2024.07.18_16.24.01/reports/signoff/violations.xml -rd feol=true -rd beol=true -rd floating_metal=false -rd seal=true -rd thread=1 |& tee /dev/null /openlane/designs/mcu/runs/RUN_2024.07.18_16.24.01/logs/signoff/40-drc-klayout.log}"

Thu Jul 18 16:25:21 +0000 2024 - Executing "{python3 /openlane/scripts/klayout/xml_drc_report_to_json.py --xml-file /openlane/designs/mcu/runs/RUN_2024.07.18_16.24.01/reports/signoff/violations.xml --json-file /openlane/designs/mcu/runs/RUN_2024.07.18_16.24.01/reports/signoff/violations.json}"

Thu Jul 18 16:25:21 +0000 2024 - Executing "openroad -exit /openlane/scripts/openroad/antenna_check.tcl |& tee /dev/null /openlane/designs/mcu/runs/RUN_2024.07.18_16.24.01/logs/signoff/41-arc.log"

Thu Jul 18 16:25:21 +0000 2024 - Executing "{openroad -exit /openlane/scripts/openroad/antenna_check.tcl |& tee /dev/null /openlane/designs/mcu/runs/RUN_2024.07.18_16.24.01/logs/signoff/41-arc.log}"

Thu Jul 18 16:25:21 +0000 2024 - Executing "{python3 /openlane/scripts/extract_antenna_violators.py --output /openlane/designs/mcu/runs/RUN_2024.07.18_16.24.01/reports/signoff/41-antenna_violators.rpt --plain-out /openlane/designs/mcu/runs/RUN_2024.07.18_16.24.01/reports/signoff/41-antenna_violators_pins.txt /openlane/designs/mcu/runs/RUN_2024.07.18_16.24.01/logs/signoff/41-arc.log}"

Thu Jul 18 16:25:22 +0000 2024 - Executing "{python3 /openlane/scripts/write_runtime.py --conclude --seconds --time-in 1721319922 {flow completed}}"

Thu Jul 18 16:25:22 +0000 2024 - Executing "{python3 /openlane/scripts/generate_reports.py -d /openlane/designs/mcu --design_name mcu --tag RUN_2024.07.18_16.24.01 --output_file /openlane/designs/mcu/runs/RUN_2024.07.18_16.24.01/reports/metrics.csv --man_report /openlane/designs/mcu/runs/RUN_2024.07.18_16.24.01/reports/manufacturability.rpt --run_path /openlane/designs/mcu/runs/RUN_2024.07.18_16.24.01}"

