
===========================================================================
report_checks -unconstrained
===========================================================================
======================= Typical Corner ===================================

Startpoint: _235_ (rising edge-triggered flip-flop clocked by clk)
Endpoint: _228_ (rising edge-triggered flip-flop clocked by clk)
Path Group: clk
Path Type: max

Fanout     Cap    Slew   Delay    Time   Description
-----------------------------------------------------------------------------
                  0.00    0.00    0.00   clock clk (rise edge)
                          0.00    0.00   clock network delay (ideal)
                  0.00    0.00    0.00 ^ _235_/CLK (sky130_fd_sc_hd__dfxtp_1)
     6    0.02    0.16    0.37    0.37 ^ _235_/Q (sky130_fd_sc_hd__dfxtp_1)
                                         bus.UART.uart_core.tx_state[1] (net)
                  0.16    0.00    0.37 ^ _124_/A1 (sky130_fd_sc_hd__a21o_1)
     6    0.01    0.12    0.19    0.56 ^ _124_/X (sky130_fd_sc_hd__a21o_1)
                                         _090_ (net)
                  0.12    0.00    0.56 ^ _133_/D (sky130_fd_sc_hd__and4_2)
     6    0.02    0.11    0.29    0.85 ^ _133_/X (sky130_fd_sc_hd__and4_2)
                                         _096_ (net)
                  0.11    0.00    0.85 ^ _142_/D (sky130_fd_sc_hd__and4_1)
     6    0.01    0.15    0.27    1.13 ^ _142_/X (sky130_fd_sc_hd__and4_1)
                                         _029_ (net)
                  0.15    0.00    1.13 ^ _151_/D (sky130_fd_sc_hd__and4_1)
     6    0.01    0.15    0.28    1.41 ^ _151_/X (sky130_fd_sc_hd__and4_1)
                                         _035_ (net)
                  0.15    0.00    1.41 ^ _160_/D (sky130_fd_sc_hd__and4_1)
     1    0.00    0.05    0.19    1.60 ^ _160_/X (sky130_fd_sc_hd__and4_1)
                                         _041_ (net)
                  0.05    0.00    1.60 ^ _161_/A (sky130_fd_sc_hd__dlymetal6s2s_1)
     6    0.01    0.17    0.18    1.78 ^ _161_/X (sky130_fd_sc_hd__dlymetal6s2s_1)
                                         _042_ (net)
                  0.17    0.00    1.78 ^ _167_/C (sky130_fd_sc_hd__nand3_1)
     2    0.00    0.07    0.10    1.88 v _167_/Y (sky130_fd_sc_hd__nand3_1)
                                         _046_ (net)
                  0.07    0.00    1.88 v _168_/C (sky130_fd_sc_hd__and3_1)
     1    0.00    0.03    0.18    2.06 v _168_/X (sky130_fd_sc_hd__and3_1)
                                         _047_ (net)
                  0.03    0.00    2.06 v _169_/A (sky130_fd_sc_hd__clkbuf_1)
     1    0.00    0.02    0.08    2.14 v _169_/X (sky130_fd_sc_hd__clkbuf_1)
                                         _015_ (net)
                  0.02    0.00    2.14 v _228_/D (sky130_fd_sc_hd__dfxtp_1)
                                  2.14   data arrival time

                  0.00   20.00   20.00   clock clk (rise edge)
                          0.00   20.00   clock network delay (ideal)
                          0.00   20.00   clock reconvergence pessimism
                                 20.00 ^ _228_/CLK (sky130_fd_sc_hd__dfxtp_1)
                         -0.11   19.89   library setup time
                                 19.89   data required time
-----------------------------------------------------------------------------
                                 19.89   data required time
                                 -2.14   data arrival time
-----------------------------------------------------------------------------
                                 17.75   slack (MET)




===========================================================================
report_checks --slack_max -0.01
============================================================================
======================= Typical Corner ===================================

No paths found.


===========================================================================
 report_check_types -max_slew -max_cap -max_fanout -violators
============================================================================
======================= Typical Corner ===================================


max slew violations count Typical: 0
max fanout violations count Typical: 0
max cap violations count Typical: 0

===========================================================================
report_parasitic_annotation -report_unannotated
============================================================================
Found 219 unannotated drivers.
 clk
 in[0]
 in[10]
 in[11]
 in[12]
 in[13]
 in[14]
 in[15]
 in[1]
 in[2]
 in[3]
 in[4]
 in[5]
 in[6]
 in[7]
 in[8]
 in[9]
 io[0]
 io[1]
 io[2]
 io[3]
 rst
 rx
 sda_io
 _110_/Y
 _111_/Y
 _112_/Y
 _113_/Y
 _114_/X
 _115_/X
 _116_/X
 _117_/X
 _118_/X
 _119_/Y
 _120_/X
 _121_/X
 _122_/Y
 _123_/Y
 _124_/X
 _125_/Y
 _126_/X
 _127_/Y
 _128_/Y
 _129_/X
 _130_/X
 _131_/X
 _132_/X
 _133_/X
 _134_/Y
 _135_/X
 _136_/Y
 _137_/Y
 _138_/X
 _139_/X
 _140_/X
 _141_/X
 _142_/X
 _143_/Y
 _144_/Y
 _145_/Y
 _146_/Y
 _147_/X
 _148_/X
 _149_/X
 _150_/X
 _151_/X
 _152_/Y
 _153_/Y
 _154_/Y
 _155_/Y
 _156_/X
 _157_/X
 _158_/X
 _159_/X
 _160_/X
 _161_/X
 _162_/Y
 _163_/Y
 _164_/Y
 _165_/X
 _166_/X
 _167_/Y
 _168_/X
 _169_/X
 _170_/Y
 _171_/X
 _172_/Y
 _173_/X
 _174_/X
 _175_/X
 _176_/Y
 _177_/X
 _178_/X
 _179_/Y
 _180_/Y
 _181_/X
 _182_/X
 _183_/X
 _184_/X
 _185_/Y
 _186_/Y
 _187_/X
 _188_/X
 _189_/X
 _190_/Y
 _191_/X
 _192_/X
 _193_/Y
 _194_/X
 _195_/Y
 _196_/Y
 _197_/Y
 _198_/X
 _199_/X
 _200_/Y
 _201_/X
 _202_/X
 _203_/X
 _204_/X
 _205_/X
 _206_/X
 _207_/Y
 _208_/X
 _209_/Y
 _210_/Y
 _211_/X
 _212_/X
 _213_/Q
 _214_/Q
 _215_/Q
 _216_/Q
 _217_/Q
 _218_/Q
 _219_/Q
 _220_/Q
 _221_/Q
 _222_/Q
 _223_/Q
 _224_/Q
 _225_/Q
 _226_/Q
 _227_/Q
 _228_/Q
 _229_/Q
 _230_/Q
 _231_/Q
 _232_/Q
 _233_/Q
 _234_/Q
 _235_/Q
 _236_/Q
 _237_/Q
 _238_/Q
 _239_/Q
 _240_/Q
 _241_/Q
 _267_/Z
 _267__29/HI
 _267__29/LO
 _267__5/HI
 _267__5/LO
 _268_/Z
 _268__26/HI
 _268__26/LO
 _268__6/HI
 _268__6/LO
 _269_/Z
 _269__27/HI
 _269__27/LO
 _269__7/HI
 _269__7/LO
 _270_/Z
 _270__28/HI
 _270__28/LO
 _270__8/HI
 _270__8/LO
 clkbuf_0_clk/X
 clkbuf_2_0__f_clk/X
 clkbuf_2_1__f_clk/X
 clkbuf_2_2__f_clk/X
 clkbuf_2_3__f_clk/X
 input1/X
 mcu_10/HI
 mcu_10/LO
 mcu_11/HI
 mcu_11/LO
 mcu_12/HI
 mcu_12/LO
 mcu_13/HI
 mcu_13/LO
 mcu_14/HI
 mcu_14/LO
 mcu_15/HI
 mcu_15/LO
 mcu_16/HI
 mcu_16/LO
 mcu_17/HI
 mcu_17/LO
 mcu_18/HI
 mcu_18/LO
 mcu_19/HI
 mcu_19/LO
 mcu_20/HI
 mcu_20/LO
 mcu_21/HI
 mcu_21/LO
 mcu_22/HI
 mcu_22/LO
 mcu_23/HI
 mcu_23/LO
 mcu_24/HI
 mcu_24/LO
 mcu_25/HI
 mcu_25/LO
 mcu_9/HI
 mcu_9/LO
 output2/X
 output3/X
 output4/X
Found 0 partially unannotated drivers.

===========================================================================
max slew violation count 0
max fanout violation count 0
max cap violation count 0
============================================================================

===========================================================================
check_setup -verbose -unconstrained_endpoints -multiple_clock -no_clock -no_input_delay -loops -generated_clocks
===========================================================================
Warning: There are 23 input ports missing set_input_delay.
  in[0]
  in[10]
  in[11]
  in[12]
  in[13]
  in[14]
  in[15]
  in[1]
  in[2]
  in[3]
  in[4]
  in[5]
  in[6]
  in[7]
  in[8]
  in[9]
  io[0]
  io[1]
  io[2]
  io[3]
  rst
  rx
  sda_io
Warning: There are 25 unconstrained endpoints.
  cs
  io[0]
  io[1]
  io[2]
  io[3]
  out[0]
  out[10]
  out[11]
  out[12]
  out[13]
  out[14]
  out[15]
  out[1]
  out[2]
  out[3]
  out[4]
  out[5]
  out[6]
  out[7]
  out[8]
  out[9]
  scl_io
  sclk
  sda_io
  tx
