
===========================================================================
report_checks -path_delay min (Hold)
============================================================================
======================= Typical Corner ===================================

Startpoint: _229_ (rising edge-triggered flip-flop clocked by clk)
Endpoint: _229_ (rising edge-triggered flip-flop clocked by clk)
Path Group: clk
Path Type: min

Fanout     Cap    Slew   Delay    Time   Description
-----------------------------------------------------------------------------
                  0.00    0.00    0.00   clock clk (rise edge)
                          0.00    0.00   clock network delay (ideal)
                  0.00    0.00    0.00 ^ _229_/CLK (sky130_fd_sc_hd__dfxtp_2)
     3    0.01    0.04    0.30    0.30 v _229_/Q (sky130_fd_sc_hd__dfxtp_2)
                                         bus.UART.uart_core.tx_clk_cntr[15] (net)
                  0.04    0.00    0.30 v _170_/A (sky130_fd_sc_hd__inv_2)
     1    0.00    0.03    0.04    0.34 ^ _170_/Y (sky130_fd_sc_hd__inv_2)
                                         _048_ (net)
                  0.03    0.00    0.34 ^ _172_/A1 (sky130_fd_sc_hd__a21oi_2)
     1    0.00    0.02    0.03    0.38 v _172_/Y (sky130_fd_sc_hd__a21oi_2)
                                         _016_ (net)
                  0.02    0.00    0.38 v _229_/D (sky130_fd_sc_hd__dfxtp_2)
                                  0.38   data arrival time

                  0.00    0.00    0.00   clock clk (rise edge)
                          0.00    0.00   clock network delay (ideal)
                          0.00    0.00   clock reconvergence pessimism
                                  0.00 ^ _229_/CLK (sky130_fd_sc_hd__dfxtp_2)
                         -0.04   -0.04   library hold time
                                 -0.04   data required time
-----------------------------------------------------------------------------
                                 -0.04   data required time
                                 -0.38   data arrival time
-----------------------------------------------------------------------------
                                  0.42   slack (MET)


Startpoint: _231_ (rising edge-triggered flip-flop clocked by clk)
Endpoint: _231_ (rising edge-triggered flip-flop clocked by clk)
Path Group: clk
Path Type: min

Fanout     Cap    Slew   Delay    Time   Description
-----------------------------------------------------------------------------
                  0.00    0.00    0.00   clock clk (rise edge)
                          0.00    0.00   clock network delay (ideal)
                  0.00    0.00    0.00 ^ _231_/CLK (sky130_fd_sc_hd__dfxtp_2)
     2    0.00    0.04    0.29    0.29 ^ _231_/Q (sky130_fd_sc_hd__dfxtp_2)
                                         bus.QSPI_master.state_q_prv (net)
                  0.04    0.00    0.29 ^ _181_/A1 (sky130_fd_sc_hd__a211o_2)
     1    0.00    0.02    0.10    0.40 ^ _181_/X (sky130_fd_sc_hd__a211o_2)
                                         _018_ (net)
                  0.02    0.00    0.40 ^ _231_/D (sky130_fd_sc_hd__dfxtp_2)
                                  0.40   data arrival time

                  0.00    0.00    0.00   clock clk (rise edge)
                          0.00    0.00   clock network delay (ideal)
                          0.00    0.00   clock reconvergence pessimism
                                  0.00 ^ _231_/CLK (sky130_fd_sc_hd__dfxtp_2)
                         -0.03   -0.03   library hold time
                                 -0.03   data required time
-----------------------------------------------------------------------------
                                 -0.03   data required time
                                 -0.40   data arrival time
-----------------------------------------------------------------------------
                                  0.43   slack (MET)


Startpoint: _218_ (rising edge-triggered flip-flop clocked by clk)
Endpoint: _218_ (rising edge-triggered flip-flop clocked by clk)
Path Group: clk
Path Type: min

Fanout     Cap    Slew   Delay    Time   Description
-----------------------------------------------------------------------------
                  0.00    0.00    0.00   clock clk (rise edge)
                          0.00    0.00   clock network delay (ideal)
                  0.00    0.00    0.00 ^ _218_/CLK (sky130_fd_sc_hd__dfxtp_2)
     6    0.02    0.10    0.34    0.34 ^ _218_/Q (sky130_fd_sc_hd__dfxtp_2)
                                         bus.UART.uart_core.tx_clk_cntr[4] (net)
                  0.10    0.00    0.34 ^ _137_/A1 (sky130_fd_sc_hd__a21oi_2)
     1    0.00    0.03    0.05    0.40 v _137_/Y (sky130_fd_sc_hd__a21oi_2)
                                         _005_ (net)
                  0.03    0.00    0.40 v _218_/D (sky130_fd_sc_hd__dfxtp_2)
                                  0.40   data arrival time

                  0.00    0.00    0.00   clock clk (rise edge)
                          0.00    0.00   clock network delay (ideal)
                          0.00    0.00   clock reconvergence pessimism
                                  0.00 ^ _218_/CLK (sky130_fd_sc_hd__dfxtp_2)
                         -0.05   -0.05   library hold time
                                 -0.05   data required time
-----------------------------------------------------------------------------
                                 -0.05   data required time
                                 -0.40   data arrival time
-----------------------------------------------------------------------------
                                  0.45   slack (MET)


Startpoint: _215_ (rising edge-triggered flip-flop clocked by clk)
Endpoint: _215_ (rising edge-triggered flip-flop clocked by clk)
Path Group: clk
Path Type: min

Fanout     Cap    Slew   Delay    Time   Description
-----------------------------------------------------------------------------
                  0.00    0.00    0.00   clock clk (rise edge)
                          0.00    0.00   clock network delay (ideal)
                  0.00    0.00    0.00 ^ _215_/CLK (sky130_fd_sc_hd__dfxtp_2)
     6    0.02    0.10    0.34    0.34 ^ _215_/Q (sky130_fd_sc_hd__dfxtp_2)
                                         bus.UART.uart_core.tx_clk_cntr[1] (net)
                  0.10    0.00    0.34 ^ _128_/A1 (sky130_fd_sc_hd__a21oi_2)
     1    0.00    0.03    0.06    0.40 v _128_/Y (sky130_fd_sc_hd__a21oi_2)
                                         _002_ (net)
                  0.03    0.00    0.40 v _215_/D (sky130_fd_sc_hd__dfxtp_2)
                                  0.40   data arrival time

                  0.00    0.00    0.00   clock clk (rise edge)
                          0.00    0.00   clock network delay (ideal)
                          0.00    0.00   clock reconvergence pessimism
                                  0.00 ^ _215_/CLK (sky130_fd_sc_hd__dfxtp_2)
                         -0.05   -0.05   library hold time
                                 -0.05   data required time
-----------------------------------------------------------------------------
                                 -0.05   data required time
                                 -0.40   data arrival time
-----------------------------------------------------------------------------
                                  0.45   slack (MET)


Startpoint: _224_ (rising edge-triggered flip-flop clocked by clk)
Endpoint: _224_ (rising edge-triggered flip-flop clocked by clk)
Path Group: clk
Path Type: min

Fanout     Cap    Slew   Delay    Time   Description
-----------------------------------------------------------------------------
                  0.00    0.00    0.00   clock clk (rise edge)
                          0.00    0.00   clock network delay (ideal)
                  0.00    0.00    0.00 ^ _224_/CLK (sky130_fd_sc_hd__dfxtp_2)
     6    0.02    0.10    0.35    0.35 ^ _224_/Q (sky130_fd_sc_hd__dfxtp_2)
                                         bus.UART.uart_core.tx_clk_cntr[10] (net)
                  0.10    0.00    0.35 ^ _155_/A1 (sky130_fd_sc_hd__a21oi_2)
     1    0.00    0.03    0.05    0.40 v _155_/Y (sky130_fd_sc_hd__a21oi_2)
                                         _011_ (net)
                  0.03    0.00    0.40 v _224_/D (sky130_fd_sc_hd__dfxtp_2)
                                  0.40   data arrival time

                  0.00    0.00    0.00   clock clk (rise edge)
                          0.00    0.00   clock network delay (ideal)
                          0.00    0.00   clock reconvergence pessimism
                                  0.00 ^ _224_/CLK (sky130_fd_sc_hd__dfxtp_2)
                         -0.05   -0.05   library hold time
                                 -0.05   data required time
-----------------------------------------------------------------------------
                                 -0.05   data required time
                                 -0.40   data arrival time
-----------------------------------------------------------------------------
                                  0.45   slack (MET)


Startpoint: _240_ (rising edge-triggered flip-flop clocked by clk)
Endpoint: _240_ (rising edge-triggered flip-flop clocked by clk)
Path Group: clk
Path Type: min

Fanout     Cap    Slew   Delay    Time   Description
-----------------------------------------------------------------------------
                  0.00    0.00    0.00   clock clk (rise edge)
                          0.00    0.00   clock network delay (ideal)
                  0.00    0.00    0.00 ^ _240_/CLK (sky130_fd_sc_hd__dfxtp_2)
     2    0.01    0.05    0.30    0.30 ^ _240_/Q (sky130_fd_sc_hd__dfxtp_2)
                                         bus.QSPI_master.cntr_state_q[1] (net)
                  0.05    0.00    0.30 ^ _209_/B1 (sky130_fd_sc_hd__o21ai_2)
     1    0.00    0.03    0.05    0.35 v _209_/Y (sky130_fd_sc_hd__o21ai_2)
                                         _076_ (net)
                  0.03    0.00    0.35 v _210_/C (sky130_fd_sc_hd__nand3b_2)
     1    0.00    0.04    0.06    0.42 ^ _210_/Y (sky130_fd_sc_hd__nand3b_2)
                                         _027_ (net)
                  0.04    0.00    0.42 ^ _240_/D (sky130_fd_sc_hd__dfxtp_2)
                                  0.42   data arrival time

                  0.00    0.00    0.00   clock clk (rise edge)
                          0.00    0.00   clock network delay (ideal)
                          0.00    0.00   clock reconvergence pessimism
                                  0.00 ^ _240_/CLK (sky130_fd_sc_hd__dfxtp_2)
                         -0.04   -0.04   library hold time
                                 -0.04   data required time
-----------------------------------------------------------------------------
                                 -0.04   data required time
                                 -0.42   data arrival time
-----------------------------------------------------------------------------
                                  0.45   slack (MET)


Startpoint: _221_ (rising edge-triggered flip-flop clocked by clk)
Endpoint: _221_ (rising edge-triggered flip-flop clocked by clk)
Path Group: clk
Path Type: min

Fanout     Cap    Slew   Delay    Time   Description
-----------------------------------------------------------------------------
                  0.00    0.00    0.00   clock clk (rise edge)
                          0.00    0.00   clock network delay (ideal)
                  0.00    0.00    0.00 ^ _221_/CLK (sky130_fd_sc_hd__dfxtp_2)
     6    0.02    0.10    0.35    0.35 ^ _221_/Q (sky130_fd_sc_hd__dfxtp_2)
                                         bus.UART.uart_core.tx_clk_cntr[7] (net)
                  0.10    0.00    0.35 ^ _146_/A1 (sky130_fd_sc_hd__a21oi_2)
     1    0.00    0.03    0.05    0.40 v _146_/Y (sky130_fd_sc_hd__a21oi_2)
                                         _008_ (net)
                  0.03    0.00    0.40 v _221_/D (sky130_fd_sc_hd__dfxtp_2)
                                  0.40   data arrival time

                  0.00    0.00    0.00   clock clk (rise edge)
                          0.00    0.00   clock network delay (ideal)
                          0.00    0.00   clock reconvergence pessimism
                                  0.00 ^ _221_/CLK (sky130_fd_sc_hd__dfxtp_2)
                         -0.05   -0.05   library hold time
                                 -0.05   data required time
-----------------------------------------------------------------------------
                                 -0.05   data required time
                                 -0.40   data arrival time
-----------------------------------------------------------------------------
                                  0.45   slack (MET)


Startpoint: _239_ (rising edge-triggered flip-flop clocked by clk)
Endpoint: _239_ (rising edge-triggered flip-flop clocked by clk)
Path Group: clk
Path Type: min

Fanout     Cap    Slew   Delay    Time   Description
-----------------------------------------------------------------------------
                  0.00    0.00    0.00   clock clk (rise edge)
                          0.00    0.00   clock network delay (ideal)
                  0.00    0.00    0.00 ^ _239_/CLK (sky130_fd_sc_hd__dfxtp_2)
     3    0.01    0.06    0.32    0.32 ^ _239_/Q (sky130_fd_sc_hd__dfxtp_2)
                                         bus.QSPI_master.cntr_state_q[2] (net)
                  0.06    0.00    0.32 ^ _208_/A1 (sky130_fd_sc_hd__a21o_2)
     1    0.00    0.02    0.11    0.42 ^ _208_/X (sky130_fd_sc_hd__a21o_2)
                                         _026_ (net)
                  0.02    0.00    0.42 ^ _239_/D (sky130_fd_sc_hd__dfxtp_2)
                                  0.42   data arrival time

                  0.00    0.00    0.00   clock clk (rise edge)
                          0.00    0.00   clock network delay (ideal)
                          0.00    0.00   clock reconvergence pessimism
                                  0.00 ^ _239_/CLK (sky130_fd_sc_hd__dfxtp_2)
                         -0.03   -0.03   library hold time
                                 -0.03   data required time
-----------------------------------------------------------------------------
                                 -0.03   data required time
                                 -0.42   data arrival time
-----------------------------------------------------------------------------
                                  0.46   slack (MET)


Startpoint: _232_ (rising edge-triggered flip-flop clocked by clk)
Endpoint: _232_ (rising edge-triggered flip-flop clocked by clk)
Path Group: clk
Path Type: min

Fanout     Cap    Slew   Delay    Time   Description
-----------------------------------------------------------------------------
                  0.00    0.00    0.00   clock clk (rise edge)
                          0.00    0.00   clock network delay (ideal)
                  0.00    0.00    0.00 ^ _232_/CLK (sky130_fd_sc_hd__dfxtp_2)
     4    0.01    0.04    0.31    0.31 v _232_/Q (sky130_fd_sc_hd__dfxtp_2)
                                         bus.QSPI_master.state_q[0] (net)
                  0.04    0.00    0.31 v _184_/C1 (sky130_fd_sc_hd__o211a_2)
     1    0.00    0.02    0.11    0.42 v _184_/X (sky130_fd_sc_hd__o211a_2)
                                         _019_ (net)
                  0.02    0.00    0.42 v _232_/D (sky130_fd_sc_hd__dfxtp_2)
                                  0.42   data arrival time

                  0.00    0.00    0.00   clock clk (rise edge)
                          0.00    0.00   clock network delay (ideal)
                          0.00    0.00   clock reconvergence pessimism
                                  0.00 ^ _232_/CLK (sky130_fd_sc_hd__dfxtp_2)
                         -0.05   -0.05   library hold time
                                 -0.05   data required time
-----------------------------------------------------------------------------
                                 -0.05   data required time
                                 -0.42   data arrival time
-----------------------------------------------------------------------------
                                  0.46   slack (MET)


Startpoint: _223_ (rising edge-triggered flip-flop clocked by clk)
Endpoint: _223_ (rising edge-triggered flip-flop clocked by clk)
Path Group: clk
Path Type: min

Fanout     Cap    Slew   Delay    Time   Description
-----------------------------------------------------------------------------
                  0.00    0.00    0.00   clock clk (rise edge)
                          0.00    0.00   clock network delay (ideal)
                  0.00    0.00    0.00 ^ _223_/CLK (sky130_fd_sc_hd__dfxtp_2)
     3    0.01    0.06    0.31    0.31 ^ _223_/Q (sky130_fd_sc_hd__dfxtp_2)
                                         bus.UART.uart_core.tx_clk_cntr[9] (net)
                  0.06    0.00    0.31 ^ _152_/A1 (sky130_fd_sc_hd__o21ai_2)
     1    0.00    0.03    0.06    0.37 v _152_/Y (sky130_fd_sc_hd__o21ai_2)
                                         _036_ (net)
                  0.03    0.00    0.37 v _153_/B (sky130_fd_sc_hd__nor2_2)
     1    0.00    0.05    0.05    0.43 ^ _153_/Y (sky130_fd_sc_hd__nor2_2)
                                         _010_ (net)
                  0.05    0.00    0.43 ^ _223_/D (sky130_fd_sc_hd__dfxtp_2)
                                  0.43   data arrival time

                  0.00    0.00    0.00   clock clk (rise edge)
                          0.00    0.00   clock network delay (ideal)
                          0.00    0.00   clock reconvergence pessimism
                                  0.00 ^ _223_/CLK (sky130_fd_sc_hd__dfxtp_2)
                         -0.04   -0.04   library hold time
                                 -0.04   data required time
-----------------------------------------------------------------------------
                                 -0.04   data required time
                                 -0.43   data arrival time
-----------------------------------------------------------------------------
                                  0.47   slack (MET)


Startpoint: _237_ (rising edge-triggered flip-flop clocked by clk)
Endpoint: _237_ (rising edge-triggered flip-flop clocked by clk)
Path Group: clk
Path Type: min

Fanout     Cap    Slew   Delay    Time   Description
-----------------------------------------------------------------------------
                  0.00    0.00    0.00   clock clk (rise edge)
                          0.00    0.00   clock network delay (ideal)
                  0.00    0.00    0.00 ^ _237_/CLK (sky130_fd_sc_hd__dfxtp_2)
     4    0.01    0.06    0.31    0.31 ^ _237_/Q (sky130_fd_sc_hd__dfxtp_2)
                                         bus.UART.uart_core.tx_cntr[1] (net)
                  0.06    0.00    0.31 ^ _203_/A1 (sky130_fd_sc_hd__o21a_2)
     1    0.00    0.03    0.12    0.43 ^ _203_/X (sky130_fd_sc_hd__o21a_2)
                                         _024_ (net)
                  0.03    0.00    0.43 ^ _237_/D (sky130_fd_sc_hd__dfxtp_2)
                                  0.43   data arrival time

                  0.00    0.00    0.00   clock clk (rise edge)
                          0.00    0.00   clock network delay (ideal)
                          0.00    0.00   clock reconvergence pessimism
                                  0.00 ^ _237_/CLK (sky130_fd_sc_hd__dfxtp_2)
                         -0.03   -0.03   library hold time
                                 -0.03   data required time
-----------------------------------------------------------------------------
                                 -0.03   data required time
                                 -0.43   data arrival time
-----------------------------------------------------------------------------
                                  0.47   slack (MET)


Startpoint: _220_ (rising edge-triggered flip-flop clocked by clk)
Endpoint: _220_ (rising edge-triggered flip-flop clocked by clk)
Path Group: clk
Path Type: min

Fanout     Cap    Slew   Delay    Time   Description
-----------------------------------------------------------------------------
                  0.00    0.00    0.00   clock clk (rise edge)
                          0.00    0.00   clock network delay (ideal)
                  0.00    0.00    0.00 ^ _220_/CLK (sky130_fd_sc_hd__dfxtp_2)
     3    0.01    0.06    0.31    0.31 ^ _220_/Q (sky130_fd_sc_hd__dfxtp_2)
                                         bus.UART.uart_core.tx_clk_cntr[6] (net)
                  0.06    0.00    0.31 ^ _143_/A1 (sky130_fd_sc_hd__o21ai_2)
     1    0.00    0.03    0.06    0.37 v _143_/Y (sky130_fd_sc_hd__o21ai_2)
                                         _030_ (net)
                  0.03    0.00    0.37 v _144_/B (sky130_fd_sc_hd__nor2_2)
     1    0.00    0.05    0.06    0.43 ^ _144_/Y (sky130_fd_sc_hd__nor2_2)
                                         _007_ (net)
                  0.05    0.00    0.43 ^ _220_/D (sky130_fd_sc_hd__dfxtp_2)
                                  0.43   data arrival time

                  0.00    0.00    0.00   clock clk (rise edge)
                          0.00    0.00   clock network delay (ideal)
                          0.00    0.00   clock reconvergence pessimism
                                  0.00 ^ _220_/CLK (sky130_fd_sc_hd__dfxtp_2)
                         -0.04   -0.04   library hold time
                                 -0.04   data required time
-----------------------------------------------------------------------------
                                 -0.04   data required time
                                 -0.43   data arrival time
-----------------------------------------------------------------------------
                                  0.47   slack (MET)


Startpoint: _241_ (rising edge-triggered flip-flop clocked by clk)
Endpoint: _241_ (rising edge-triggered flip-flop clocked by clk)
Path Group: clk
Path Type: min

Fanout     Cap    Slew   Delay    Time   Description
-----------------------------------------------------------------------------
                  0.00    0.00    0.00   clock clk (rise edge)
                          0.00    0.00   clock network delay (ideal)
                  0.00    0.00    0.00 ^ _241_/CLK (sky130_fd_sc_hd__dfxtp_2)
     4    0.01    0.07    0.32    0.32 ^ _241_/Q (sky130_fd_sc_hd__dfxtp_2)
                                         bus.QSPI_master.cntr_state_q[0] (net)
                  0.07    0.00    0.32 ^ _212_/A1 (sky130_fd_sc_hd__a21bo_2)
     1    0.00    0.03    0.11    0.43 ^ _212_/X (sky130_fd_sc_hd__a21bo_2)
                                         _028_ (net)
                  0.03    0.00    0.43 ^ _241_/D (sky130_fd_sc_hd__dfxtp_2)
                                  0.43   data arrival time

                  0.00    0.00    0.00   clock clk (rise edge)
                          0.00    0.00   clock network delay (ideal)
                          0.00    0.00   clock reconvergence pessimism
                                  0.00 ^ _241_/CLK (sky130_fd_sc_hd__dfxtp_2)
                         -0.03   -0.03   library hold time
                                 -0.03   data required time
-----------------------------------------------------------------------------
                                 -0.03   data required time
                                 -0.43   data arrival time
-----------------------------------------------------------------------------
                                  0.47   slack (MET)


Startpoint: _226_ (rising edge-triggered flip-flop clocked by clk)
Endpoint: _226_ (rising edge-triggered flip-flop clocked by clk)
Path Group: clk
Path Type: min

Fanout     Cap    Slew   Delay    Time   Description
-----------------------------------------------------------------------------
                  0.00    0.00    0.00   clock clk (rise edge)
                          0.00    0.00   clock network delay (ideal)
                  0.00    0.00    0.00 ^ _226_/CLK (sky130_fd_sc_hd__dfxtp_2)
     3    0.01    0.06    0.32    0.32 ^ _226_/Q (sky130_fd_sc_hd__dfxtp_2)
                                         bus.UART.uart_core.tx_clk_cntr[12] (net)
                  0.06    0.00    0.32 ^ _162_/A1 (sky130_fd_sc_hd__o21ai_2)
     1    0.00    0.03    0.06    0.38 v _162_/Y (sky130_fd_sc_hd__o21ai_2)
                                         _043_ (net)
                  0.03    0.00    0.38 v _163_/B (sky130_fd_sc_hd__nor2_2)
     1    0.00    0.05    0.06    0.43 ^ _163_/Y (sky130_fd_sc_hd__nor2_2)
                                         _013_ (net)
                  0.05    0.00    0.43 ^ _226_/D (sky130_fd_sc_hd__dfxtp_2)
                                  0.43   data arrival time

                  0.00    0.00    0.00   clock clk (rise edge)
                          0.00    0.00   clock network delay (ideal)
                          0.00    0.00   clock reconvergence pessimism
                                  0.00 ^ _226_/CLK (sky130_fd_sc_hd__dfxtp_2)
                         -0.04   -0.04   library hold time
                                 -0.04   data required time
-----------------------------------------------------------------------------
                                 -0.04   data required time
                                 -0.43   data arrival time
-----------------------------------------------------------------------------
                                  0.47   slack (MET)


Startpoint: _235_ (rising edge-triggered flip-flop clocked by clk)
Endpoint: _235_ (rising edge-triggered flip-flop clocked by clk)
Path Group: clk
Path Type: min

Fanout     Cap    Slew   Delay    Time   Description
-----------------------------------------------------------------------------
                  0.00    0.00    0.00   clock clk (rise edge)
                          0.00    0.00   clock network delay (ideal)
                  0.00    0.00    0.00 ^ _235_/CLK (sky130_fd_sc_hd__dfxtp_2)
     6    0.02    0.06    0.33    0.33 v _235_/Q (sky130_fd_sc_hd__dfxtp_2)
                                         bus.UART.uart_core.tx_state[1] (net)
                  0.06    0.00    0.33 v _193_/A (sky130_fd_sc_hd__inv_2)
     2    0.01    0.05    0.07    0.40 ^ _193_/Y (sky130_fd_sc_hd__inv_2)
                                         _065_ (net)
                  0.05    0.00    0.40 ^ _195_/A1 (sky130_fd_sc_hd__a21oi_2)
     1    0.00    0.02    0.04    0.44 v _195_/Y (sky130_fd_sc_hd__a21oi_2)
                                         _022_ (net)
                  0.02    0.00    0.44 v _235_/D (sky130_fd_sc_hd__dfxtp_2)
                                  0.44   data arrival time

                  0.00    0.00    0.00   clock clk (rise edge)
                          0.00    0.00   clock network delay (ideal)
                          0.00    0.00   clock reconvergence pessimism
                                  0.00 ^ _235_/CLK (sky130_fd_sc_hd__dfxtp_2)
                         -0.05   -0.05   library hold time
                                 -0.05   data required time
-----------------------------------------------------------------------------
                                 -0.05   data required time
                                 -0.44   data arrival time
-----------------------------------------------------------------------------
                                  0.48   slack (MET)


Startpoint: _217_ (rising edge-triggered flip-flop clocked by clk)
Endpoint: _217_ (rising edge-triggered flip-flop clocked by clk)
Path Group: clk
Path Type: min

Fanout     Cap    Slew   Delay    Time   Description
-----------------------------------------------------------------------------
                  0.00    0.00    0.00   clock clk (rise edge)
                          0.00    0.00   clock network delay (ideal)
                  0.00    0.00    0.00 ^ _217_/CLK (sky130_fd_sc_hd__dfxtp_2)
     3    0.01    0.05    0.30    0.30 ^ _217_/Q (sky130_fd_sc_hd__dfxtp_2)
                                         bus.UART.uart_core.tx_clk_cntr[3] (net)
                  0.05    0.00    0.30 ^ _135_/A1 (sky130_fd_sc_hd__o211a_2)
     1    0.00    0.04    0.16    0.46 ^ _135_/X (sky130_fd_sc_hd__o211a_2)
                                         _004_ (net)
                  0.04    0.00    0.46 ^ _217_/D (sky130_fd_sc_hd__dfxtp_2)
                                  0.46   data arrival time

                  0.00    0.00    0.00   clock clk (rise edge)
                          0.00    0.00   clock network delay (ideal)
                          0.00    0.00   clock reconvergence pessimism
                                  0.00 ^ _217_/CLK (sky130_fd_sc_hd__dfxtp_2)
                         -0.04   -0.04   library hold time
                                 -0.04   data required time
-----------------------------------------------------------------------------
                                 -0.04   data required time
                                 -0.46   data arrival time
-----------------------------------------------------------------------------
                                  0.50   slack (MET)


Startpoint: _236_ (rising edge-triggered flip-flop clocked by clk)
Endpoint: _236_ (rising edge-triggered flip-flop clocked by clk)
Path Group: clk
Path Type: min

Fanout     Cap    Slew   Delay    Time   Description
-----------------------------------------------------------------------------
                  0.00    0.00    0.00   clock clk (rise edge)
                          0.00    0.00   clock network delay (ideal)
                  0.00    0.00    0.00 ^ _236_/CLK (sky130_fd_sc_hd__dfxtp_2)
     6    0.01    0.08    0.33    0.33 ^ _236_/Q (sky130_fd_sc_hd__dfxtp_2)
                                         bus.UART.uart_core.tx_cntr[0] (net)
                  0.08    0.00    0.33 ^ _199_/A1 (sky130_fd_sc_hd__o21ba_2)
     1    0.00    0.03    0.14    0.47 ^ _199_/X (sky130_fd_sc_hd__o21ba_2)
                                         _023_ (net)
                  0.03    0.00    0.47 ^ _236_/D (sky130_fd_sc_hd__dfxtp_2)
                                  0.47   data arrival time

                  0.00    0.00    0.00   clock clk (rise edge)
                          0.00    0.00   clock network delay (ideal)
                          0.00    0.00   clock reconvergence pessimism
                                  0.00 ^ _236_/CLK (sky130_fd_sc_hd__dfxtp_2)
                         -0.03   -0.03   library hold time
                                 -0.03   data required time
-----------------------------------------------------------------------------
                                 -0.03   data required time
                                 -0.47   data arrival time
-----------------------------------------------------------------------------
                                  0.50   slack (MET)


Startpoint: _227_ (rising edge-triggered flip-flop clocked by clk)
Endpoint: _227_ (rising edge-triggered flip-flop clocked by clk)
Path Group: clk
Path Type: min

Fanout     Cap    Slew   Delay    Time   Description
-----------------------------------------------------------------------------
                  0.00    0.00    0.00   clock clk (rise edge)
                          0.00    0.00   clock network delay (ideal)
                  0.00    0.00    0.00 ^ _227_/CLK (sky130_fd_sc_hd__dfxtp_2)
     6    0.02    0.11    0.35    0.35 ^ _227_/Q (sky130_fd_sc_hd__dfxtp_2)
                                         bus.UART.uart_core.tx_clk_cntr[13] (net)
                  0.11    0.00    0.35 ^ _165_/A1 (sky130_fd_sc_hd__o21a_2)
     1    0.00    0.03    0.13    0.48 ^ _165_/X (sky130_fd_sc_hd__o21a_2)
                                         _014_ (net)
                  0.03    0.00    0.48 ^ _227_/D (sky130_fd_sc_hd__dfxtp_2)
                                  0.48   data arrival time

                  0.00    0.00    0.00   clock clk (rise edge)
                          0.00    0.00   clock network delay (ideal)
                          0.00    0.00   clock reconvergence pessimism
                                  0.00 ^ _227_/CLK (sky130_fd_sc_hd__dfxtp_2)
                         -0.03   -0.03   library hold time
                                 -0.03   data required time
-----------------------------------------------------------------------------
                                 -0.03   data required time
                                 -0.48   data arrival time
-----------------------------------------------------------------------------
                                  0.52   slack (MET)


Startpoint: _214_ (rising edge-triggered flip-flop clocked by clk)
Endpoint: _214_ (rising edge-triggered flip-flop clocked by clk)
Path Group: clk
Path Type: min

Fanout     Cap    Slew   Delay    Time   Description
-----------------------------------------------------------------------------
                  0.00    0.00    0.00   clock clk (rise edge)
                          0.00    0.00   clock network delay (ideal)
                  0.00    0.00    0.00 ^ _214_/CLK (sky130_fd_sc_hd__dfxtp_2)
     2    0.01    0.04    0.30    0.30 ^ _214_/Q (sky130_fd_sc_hd__dfxtp_2)
                                         bus.UART.uart_core.tx_clk_cntr[0] (net)
                  0.04    0.00    0.30 ^ _124_/B1 (sky130_fd_sc_hd__a21o_2)
     6    0.02    0.12    0.15    0.44 ^ _124_/X (sky130_fd_sc_hd__a21o_2)
                                         _090_ (net)
                  0.12    0.00    0.44 ^ _125_/B (sky130_fd_sc_hd__nor2_2)
     1    0.00    0.02    0.04    0.48 v _125_/Y (sky130_fd_sc_hd__nor2_2)
                                         _001_ (net)
                  0.02    0.00    0.48 v _214_/D (sky130_fd_sc_hd__dfxtp_2)
                                  0.48   data arrival time

                  0.00    0.00    0.00   clock clk (rise edge)
                          0.00    0.00   clock network delay (ideal)
                          0.00    0.00   clock reconvergence pessimism
                                  0.00 ^ _214_/CLK (sky130_fd_sc_hd__dfxtp_2)
                         -0.05   -0.05   library hold time
                                 -0.05   data required time
-----------------------------------------------------------------------------
                                 -0.05   data required time
                                 -0.48   data arrival time
-----------------------------------------------------------------------------
                                  0.53   slack (MET)


Startpoint: _232_ (rising edge-triggered flip-flop clocked by clk)
Endpoint: _233_ (rising edge-triggered flip-flop clocked by clk)
Path Group: clk
Path Type: min

Fanout     Cap    Slew   Delay    Time   Description
-----------------------------------------------------------------------------
                  0.00    0.00    0.00   clock clk (rise edge)
                          0.00    0.00   clock network delay (ideal)
                  0.00    0.00    0.00 ^ _232_/CLK (sky130_fd_sc_hd__dfxtp_2)
     4    0.01    0.07    0.32    0.32 ^ _232_/Q (sky130_fd_sc_hd__dfxtp_2)
                                         bus.QSPI_master.state_q[0] (net)
                  0.07    0.00    0.32 ^ _173_/A (sky130_fd_sc_hd__or2b_2)
     3    0.01    0.06    0.13    0.45 ^ _173_/X (sky130_fd_sc_hd__or2b_2)
                                         _050_ (net)
                  0.06    0.00    0.45 ^ _185_/B (sky130_fd_sc_hd__nand2_2)
     1    0.00    0.02    0.04    0.50 v _185_/Y (sky130_fd_sc_hd__nand2_2)
                                         _020_ (net)
                  0.02    0.00    0.50 v _233_/D (sky130_fd_sc_hd__dfxtp_2)
                                  0.50   data arrival time

                  0.00    0.00    0.00   clock clk (rise edge)
                          0.00    0.00   clock network delay (ideal)
                          0.00    0.00   clock reconvergence pessimism
                                  0.00 ^ _233_/CLK (sky130_fd_sc_hd__dfxtp_2)
                         -0.05   -0.05   library hold time
                                 -0.05   data required time
-----------------------------------------------------------------------------
                                 -0.05   data required time
                                 -0.50   data arrival time
-----------------------------------------------------------------------------
                                  0.54   slack (MET)


Startpoint: _238_ (rising edge-triggered flip-flop clocked by clk)
Endpoint: _238_ (rising edge-triggered flip-flop clocked by clk)
Path Group: clk
Path Type: min

Fanout     Cap    Slew   Delay    Time   Description
-----------------------------------------------------------------------------
                  0.00    0.00    0.00   clock clk (rise edge)
                          0.00    0.00   clock network delay (ideal)
                  0.00    0.00    0.00 ^ _238_/CLK (sky130_fd_sc_hd__dfxtp_2)
     2    0.01    0.03    0.30    0.30 v _238_/Q (sky130_fd_sc_hd__dfxtp_2)
                                         bus.UART.uart_core.tx_cntr[2] (net)
                  0.03    0.00    0.30 v _186_/A (sky130_fd_sc_hd__inv_2)
     2    0.01    0.04    0.05    0.34 ^ _186_/Y (sky130_fd_sc_hd__inv_2)
                                         _059_ (net)
                  0.04    0.00    0.34 ^ _205_/S (sky130_fd_sc_hd__mux2_2)
     1    0.00    0.04    0.14    0.48 ^ _205_/X (sky130_fd_sc_hd__mux2_2)
                                         _074_ (net)
                  0.04    0.00    0.48 ^ _206_/A (sky130_fd_sc_hd__buf_1)
     1    0.00    0.04    0.07    0.55 ^ _206_/X (sky130_fd_sc_hd__buf_1)
                                         _025_ (net)
                  0.04    0.00    0.55 ^ _238_/D (sky130_fd_sc_hd__dfxtp_2)
                                  0.55   data arrival time

                  0.00    0.00    0.00   clock clk (rise edge)
                          0.00    0.00   clock network delay (ideal)
                          0.00    0.00   clock reconvergence pessimism
                                  0.00 ^ _238_/CLK (sky130_fd_sc_hd__dfxtp_2)
                         -0.04   -0.04   library hold time
                                 -0.04   data required time
-----------------------------------------------------------------------------
                                 -0.04   data required time
                                 -0.55   data arrival time
-----------------------------------------------------------------------------
                                  0.59   slack (MET)


Startpoint: _228_ (rising edge-triggered flip-flop clocked by clk)
Endpoint: _228_ (rising edge-triggered flip-flop clocked by clk)
Path Group: clk
Path Type: min

Fanout     Cap    Slew   Delay    Time   Description
-----------------------------------------------------------------------------
                  0.00    0.00    0.00   clock clk (rise edge)
                          0.00    0.00   clock network delay (ideal)
                  0.00    0.00    0.00 ^ _228_/CLK (sky130_fd_sc_hd__dfxtp_2)
     4    0.01    0.04    0.31    0.31 v _228_/Q (sky130_fd_sc_hd__dfxtp_2)
                                         bus.UART.uart_core.tx_clk_cntr[14] (net)
                  0.04    0.00    0.31 v _167_/B (sky130_fd_sc_hd__nand3_2)
     2    0.01    0.05    0.07    0.38 ^ _167_/Y (sky130_fd_sc_hd__nand3_2)
                                         _046_ (net)
                  0.05    0.00    0.38 ^ _168_/C (sky130_fd_sc_hd__and3_2)
     1    0.00    0.04    0.16    0.54 ^ _168_/X (sky130_fd_sc_hd__and3_2)
                                         _047_ (net)
                  0.04    0.00    0.54 ^ _169_/A (sky130_fd_sc_hd__buf_1)
     1    0.00    0.04    0.07    0.62 ^ _169_/X (sky130_fd_sc_hd__buf_1)
                                         _015_ (net)
                  0.04    0.00    0.62 ^ _228_/D (sky130_fd_sc_hd__dfxtp_2)
                                  0.62   data arrival time

                  0.00    0.00    0.00   clock clk (rise edge)
                          0.00    0.00   clock network delay (ideal)
                          0.00    0.00   clock reconvergence pessimism
                                  0.00 ^ _228_/CLK (sky130_fd_sc_hd__dfxtp_2)
                         -0.04   -0.04   library hold time
                                 -0.04   data required time
-----------------------------------------------------------------------------
                                 -0.04   data required time
                                 -0.62   data arrival time
-----------------------------------------------------------------------------
                                  0.65   slack (MET)


Startpoint: _216_ (rising edge-triggered flip-flop clocked by clk)
Endpoint: _216_ (rising edge-triggered flip-flop clocked by clk)
Path Group: clk
Path Type: min

Fanout     Cap    Slew   Delay    Time   Description
-----------------------------------------------------------------------------
                  0.00    0.00    0.00   clock clk (rise edge)
                          0.00    0.00   clock network delay (ideal)
                  0.00    0.00    0.00 ^ _216_/CLK (sky130_fd_sc_hd__dfxtp_2)
     4    0.01    0.05    0.31    0.31 ^ _216_/Q (sky130_fd_sc_hd__dfxtp_2)
                                         bus.UART.uart_core.tx_clk_cntr[2] (net)
                  0.05    0.00    0.31 ^ _130_/B1 (sky130_fd_sc_hd__a21o_2)
     1    0.00    0.02    0.08    0.39 ^ _130_/X (sky130_fd_sc_hd__a21o_2)
                                         _094_ (net)
                  0.02    0.00    0.39 ^ _131_/B (sky130_fd_sc_hd__and3b_2)
     1    0.00    0.04    0.16    0.54 ^ _131_/X (sky130_fd_sc_hd__and3b_2)
                                         _095_ (net)
                  0.04    0.00    0.54 ^ _132_/A (sky130_fd_sc_hd__buf_1)
     1    0.00    0.04    0.07    0.62 ^ _132_/X (sky130_fd_sc_hd__buf_1)
                                         _003_ (net)
                  0.04    0.00    0.62 ^ _216_/D (sky130_fd_sc_hd__dfxtp_2)
                                  0.62   data arrival time

                  0.00    0.00    0.00   clock clk (rise edge)
                          0.00    0.00   clock network delay (ideal)
                          0.00    0.00   clock reconvergence pessimism
                                  0.00 ^ _216_/CLK (sky130_fd_sc_hd__dfxtp_2)
                         -0.04   -0.04   library hold time
                                 -0.04   data required time
-----------------------------------------------------------------------------
                                 -0.04   data required time
                                 -0.62   data arrival time
-----------------------------------------------------------------------------
                                  0.65   slack (MET)


Startpoint: _222_ (rising edge-triggered flip-flop clocked by clk)
Endpoint: _222_ (rising edge-triggered flip-flop clocked by clk)
Path Group: clk
Path Type: min

Fanout     Cap    Slew   Delay    Time   Description
-----------------------------------------------------------------------------
                  0.00    0.00    0.00   clock clk (rise edge)
                          0.00    0.00   clock network delay (ideal)
                  0.00    0.00    0.00 ^ _222_/CLK (sky130_fd_sc_hd__dfxtp_2)
     4    0.01    0.05    0.31    0.31 ^ _222_/Q (sky130_fd_sc_hd__dfxtp_2)
                                         bus.UART.uart_core.tx_clk_cntr[8] (net)
                  0.05    0.00    0.31 ^ _148_/B1 (sky130_fd_sc_hd__a21o_2)
     1    0.00    0.02    0.08    0.39 ^ _148_/X (sky130_fd_sc_hd__a21o_2)
                                         _033_ (net)
                  0.02    0.00    0.39 ^ _149_/C (sky130_fd_sc_hd__and3b_2)
     1    0.00    0.04    0.16    0.55 ^ _149_/X (sky130_fd_sc_hd__and3b_2)
                                         _034_ (net)
                  0.04    0.00    0.55 ^ _150_/A (sky130_fd_sc_hd__buf_1)
     1    0.00    0.04    0.07    0.62 ^ _150_/X (sky130_fd_sc_hd__buf_1)
                                         _009_ (net)
                  0.04    0.00    0.62 ^ _222_/D (sky130_fd_sc_hd__dfxtp_2)
                                  0.62   data arrival time

                  0.00    0.00    0.00   clock clk (rise edge)
                          0.00    0.00   clock network delay (ideal)
                          0.00    0.00   clock reconvergence pessimism
                                  0.00 ^ _222_/CLK (sky130_fd_sc_hd__dfxtp_2)
                         -0.04   -0.04   library hold time
                                 -0.04   data required time
-----------------------------------------------------------------------------
                                 -0.04   data required time
                                 -0.62   data arrival time
-----------------------------------------------------------------------------
                                  0.65   slack (MET)


Startpoint: _219_ (rising edge-triggered flip-flop clocked by clk)
Endpoint: _219_ (rising edge-triggered flip-flop clocked by clk)
Path Group: clk
Path Type: min

Fanout     Cap    Slew   Delay    Time   Description
-----------------------------------------------------------------------------
                  0.00    0.00    0.00   clock clk (rise edge)
                          0.00    0.00   clock network delay (ideal)
                  0.00    0.00    0.00 ^ _219_/CLK (sky130_fd_sc_hd__dfxtp_2)
     4    0.01    0.05    0.31    0.31 ^ _219_/Q (sky130_fd_sc_hd__dfxtp_2)
                                         bus.UART.uart_core.tx_clk_cntr[5] (net)
                  0.05    0.00    0.31 ^ _139_/B1 (sky130_fd_sc_hd__a21o_2)
     1    0.00    0.02    0.08    0.39 ^ _139_/X (sky130_fd_sc_hd__a21o_2)
                                         _100_ (net)
                  0.02    0.00    0.39 ^ _140_/C (sky130_fd_sc_hd__and3b_2)
     1    0.00    0.04    0.16    0.55 ^ _140_/X (sky130_fd_sc_hd__and3b_2)
                                         _101_ (net)
                  0.04    0.00    0.55 ^ _141_/A (sky130_fd_sc_hd__buf_1)
     1    0.00    0.03    0.07    0.62 ^ _141_/X (sky130_fd_sc_hd__buf_1)
                                         _006_ (net)
                  0.03    0.00    0.62 ^ _219_/D (sky130_fd_sc_hd__dfxtp_2)
                                  0.62   data arrival time

                  0.00    0.00    0.00   clock clk (rise edge)
                          0.00    0.00   clock network delay (ideal)
                          0.00    0.00   clock reconvergence pessimism
                                  0.00 ^ _219_/CLK (sky130_fd_sc_hd__dfxtp_2)
                         -0.03   -0.03   library hold time
                                 -0.03   data required time
-----------------------------------------------------------------------------
                                 -0.03   data required time
                                 -0.62   data arrival time
-----------------------------------------------------------------------------
                                  0.65   slack (MET)


Startpoint: _225_ (rising edge-triggered flip-flop clocked by clk)
Endpoint: _225_ (rising edge-triggered flip-flop clocked by clk)
Path Group: clk
Path Type: min

Fanout     Cap    Slew   Delay    Time   Description
-----------------------------------------------------------------------------
                  0.00    0.00    0.00   clock clk (rise edge)
                          0.00    0.00   clock network delay (ideal)
                  0.00    0.00    0.00 ^ _225_/CLK (sky130_fd_sc_hd__dfxtp_2)
     4    0.01    0.06    0.31    0.31 ^ _225_/Q (sky130_fd_sc_hd__dfxtp_2)
                                         bus.UART.uart_core.tx_clk_cntr[11] (net)
                  0.06    0.00    0.31 ^ _157_/B1 (sky130_fd_sc_hd__a21o_2)
     1    0.00    0.02    0.08    0.39 ^ _157_/X (sky130_fd_sc_hd__a21o_2)
                                         _039_ (net)
                  0.02    0.00    0.39 ^ _158_/C (sky130_fd_sc_hd__and3b_2)
     1    0.00    0.04    0.16    0.55 ^ _158_/X (sky130_fd_sc_hd__and3b_2)
                                         _040_ (net)
                  0.04    0.00    0.55 ^ _159_/A (sky130_fd_sc_hd__buf_1)
     1    0.00    0.03    0.07    0.62 ^ _159_/X (sky130_fd_sc_hd__buf_1)
                                         _012_ (net)
                  0.03    0.00    0.62 ^ _225_/D (sky130_fd_sc_hd__dfxtp_2)
                                  0.62   data arrival time

                  0.00    0.00    0.00   clock clk (rise edge)
                          0.00    0.00   clock network delay (ideal)
                          0.00    0.00   clock reconvergence pessimism
                                  0.00 ^ _225_/CLK (sky130_fd_sc_hd__dfxtp_2)
                         -0.03   -0.03   library hold time
                                 -0.03   data required time
-----------------------------------------------------------------------------
                                 -0.03   data required time
                                 -0.62   data arrival time
-----------------------------------------------------------------------------
                                  0.65   slack (MET)


Startpoint: _230_ (rising edge-triggered flip-flop clocked by clk)
Endpoint: _230_ (rising edge-triggered flip-flop clocked by clk)
Path Group: clk
Path Type: min

Fanout     Cap    Slew   Delay    Time   Description
-----------------------------------------------------------------------------
                  0.00    0.00    0.00   clock clk (rise edge)
                          0.00    0.00   clock network delay (ideal)
                  0.00    0.00    0.00 ^ _230_/CLK (sky130_fd_sc_hd__dfxtp_2)
     3    0.01    0.04    0.30    0.30 ^ _230_/Q (sky130_fd_sc_hd__dfxtp_2)
                                         sclk (net)
                  0.04    0.00    0.30 ^ _175_/A (sky130_fd_sc_hd__or2_2)
     2    0.01    0.05    0.11    0.41 ^ _175_/X (sky130_fd_sc_hd__or2_2)
                                         _052_ (net)
                  0.05    0.00    0.41 ^ _177_/B (sky130_fd_sc_hd__and3b_2)
     1    0.00    0.04    0.16    0.57 ^ _177_/X (sky130_fd_sc_hd__and3b_2)
                                         _054_ (net)
                  0.04    0.00    0.57 ^ _178_/A (sky130_fd_sc_hd__buf_1)
     1    0.00    0.04    0.07    0.64 ^ _178_/X (sky130_fd_sc_hd__buf_1)
                                         _017_ (net)
                  0.04    0.00    0.65 ^ _230_/D (sky130_fd_sc_hd__dfxtp_2)
                                  0.65   data arrival time

                  0.00    0.00    0.00   clock clk (rise edge)
                          0.00    0.00   clock network delay (ideal)
                          0.00    0.00   clock reconvergence pessimism
                                  0.00 ^ _230_/CLK (sky130_fd_sc_hd__dfxtp_2)
                         -0.04   -0.04   library hold time
                                 -0.04   data required time
-----------------------------------------------------------------------------
                                 -0.04   data required time
                                 -0.65   data arrival time
-----------------------------------------------------------------------------
                                  0.68   slack (MET)


Startpoint: _234_ (rising edge-triggered flip-flop clocked by clk)
Endpoint: _234_ (rising edge-triggered flip-flop clocked by clk)
Path Group: clk
Path Type: min

Fanout     Cap    Slew   Delay    Time   Description
-----------------------------------------------------------------------------
                  0.00    0.00    0.00   clock clk (rise edge)
                          0.00    0.00   clock network delay (ideal)
                  0.00    0.00    0.00 ^ _234_/CLK (sky130_fd_sc_hd__dfxtp_2)
     8    0.03    0.08    0.35    0.35 v _234_/Q (sky130_fd_sc_hd__dfxtp_2)
                                         bus.UART.uart_core.tx_state[0] (net)
                  0.08    0.00    0.35 v _190_/A (sky130_fd_sc_hd__nand2_2)
     2    0.01    0.06    0.08    0.43 ^ _190_/Y (sky130_fd_sc_hd__nand2_2)
                                         _063_ (net)
                  0.06    0.00    0.43 ^ _191_/C (sky130_fd_sc_hd__and3_2)
     1    0.00    0.04    0.17    0.59 ^ _191_/X (sky130_fd_sc_hd__and3_2)
                                         _064_ (net)
                  0.04    0.00    0.59 ^ _192_/A (sky130_fd_sc_hd__buf_1)
     1    0.00    0.04    0.07    0.66 ^ _192_/X (sky130_fd_sc_hd__buf_1)
                                         _021_ (net)
                  0.04    0.00    0.66 ^ _234_/D (sky130_fd_sc_hd__dfxtp_2)
                                  0.66   data arrival time

                  0.00    0.00    0.00   clock clk (rise edge)
                          0.00    0.00   clock network delay (ideal)
                          0.00    0.00   clock reconvergence pessimism
                                  0.00 ^ _234_/CLK (sky130_fd_sc_hd__dfxtp_2)
                         -0.04   -0.04   library hold time
                                 -0.04   data required time
-----------------------------------------------------------------------------
                                 -0.04   data required time
                                 -0.66   data arrival time
-----------------------------------------------------------------------------
                                  0.70   slack (MET)


Startpoint: _225_ (rising edge-triggered flip-flop clocked by clk)
Endpoint: _213_ (rising edge-triggered flip-flop clocked by clk)
Path Group: clk
Path Type: min

Fanout     Cap    Slew   Delay    Time   Description
-----------------------------------------------------------------------------
                  0.00    0.00    0.00   clock clk (rise edge)
                          0.00    0.00   clock network delay (ideal)
                  0.00    0.00    0.00 ^ _225_/CLK (sky130_fd_sc_hd__dfxtp_2)
     4    0.01    0.06    0.31    0.31 ^ _225_/Q (sky130_fd_sc_hd__dfxtp_2)
                                         bus.UART.uart_core.tx_clk_cntr[11] (net)
                  0.06    0.00    0.31 ^ _114_/C (sky130_fd_sc_hd__or4_2)
     1    0.01    0.04    0.12    0.43 ^ _114_/X (sky130_fd_sc_hd__or4_2)
                                         _081_ (net)
                  0.04    0.00    0.43 ^ _119_/A (sky130_fd_sc_hd__nor2_2)
     2    0.01    0.02    0.04    0.47 v _119_/Y (sky130_fd_sc_hd__nor2_2)
                                         _086_ (net)
                  0.02    0.00    0.47 v _120_/B (sky130_fd_sc_hd__or2_2)
     1    0.00    0.05    0.26    0.72 v _120_/X (sky130_fd_sc_hd__or2_2)
                                         _087_ (net)
                  0.05    0.00    0.72 v _121_/A (sky130_fd_sc_hd__buf_1)
     1    0.00    0.02    0.09    0.81 v _121_/X (sky130_fd_sc_hd__buf_1)
                                         _000_ (net)
                  0.02    0.00    0.81 v _213_/D (sky130_fd_sc_hd__dfxtp_2)
                                  0.81   data arrival time

                  0.00    0.00    0.00   clock clk (rise edge)
                          0.00    0.00   clock network delay (ideal)
                          0.00    0.00   clock reconvergence pessimism
                                  0.00 ^ _213_/CLK (sky130_fd_sc_hd__dfxtp_2)
                         -0.05   -0.05   library hold time
                                 -0.05   data required time
-----------------------------------------------------------------------------
                                 -0.05   data required time
                                 -0.81   data arrival time
-----------------------------------------------------------------------------
                                  0.85   slack (MET)



worst slack corner Typical: 0.4234
