
===========================================================================
 report_power
============================================================================
======================= Fastest Corner ===================================

Group                  Internal  Switching    Leakage      Total
                          Power      Power      Power      Power (Watts)
----------------------------------------------------------------
Sequential             7.37e-05   3.47e-06   4.25e-10   7.72e-05  47.9%
Combinational          4.86e-06   3.49e-06   6.24e-10   8.35e-06   5.2%
Clock                  5.04e-05   2.52e-05   7.84e-10   7.56e-05  46.9%
Macro                  0.00e+00   0.00e+00   0.00e+00   0.00e+00   0.0%
Pad                    0.00e+00   0.00e+00   0.00e+00   0.00e+00   0.0%
----------------------------------------------------------------
Total                  1.29e-04   3.22e-05   1.83e-09   1.61e-04 100.0%
                          80.0%      20.0%       0.0%

======================= Slowest Corner ===================================

Group                  Internal  Switching    Leakage      Total
                          Power      Power      Power      Power (Watts)
----------------------------------------------------------------
Sequential             5.14e-05   2.28e-06   4.02e-07   5.41e-05  48.1%
Combinational          3.64e-06   2.25e-06   4.92e-07   6.38e-06   5.7%
Clock                  3.58e-05   1.61e-05   9.55e-08   5.20e-05  46.3%
Macro                  0.00e+00   0.00e+00   0.00e+00   0.00e+00   0.0%
Pad                    0.00e+00   0.00e+00   0.00e+00   0.00e+00   0.0%
----------------------------------------------------------------
Total                  9.08e-05   2.07e-05   9.90e-07   1.12e-04 100.0%
                          80.8%      18.4%       0.9%

======================= Typical Corner ===================================

Group                  Internal  Switching    Leakage      Total
                          Power      Power      Power      Power (Watts)
----------------------------------------------------------------
Sequential             6.39e-05   2.92e-06   2.37e-10   6.68e-05  48.0%
Combinational          4.44e-06   2.90e-06   5.15e-10   7.35e-06   5.3%
Clock                  4.39e-05   2.12e-05   5.27e-10   6.51e-05  46.8%
Macro                  0.00e+00   0.00e+00   0.00e+00   0.00e+00   0.0%
Pad                    0.00e+00   0.00e+00   0.00e+00   0.00e+00   0.0%
----------------------------------------------------------------
Total                  1.12e-04   2.70e-05   1.28e-09   1.39e-04 100.0%
                          80.6%      19.4%       0.0%

