Instance,Terminal,Layer,X location,Y location,Voltage
FILLER_0_20_121,VGND,li1,61.8700,65.2800,0.000008
FILLER_0_20_113,VGND,li1,59.3400,65.2800,0.000008
FILLER_0_20_109,VGND,li1,56.3500,65.2800,0.000008
FILLER_0_20_97,VGND,li1,52.9000,65.2800,0.000008
FILLER_0_20_85,VGND,li1,47.3800,65.2800,0.000006
FILLER_0_20_81,VGND,li1,43.4700,65.2800,0.000005
FILLER_0_20_69,VGND,li1,40.0200,65.2800,0.000005
FILLER_0_20_57,VGND,li1,34.5000,65.2800,0.000005
FILLER_0_20_53,VGND,li1,30.5900,65.2800,0.000006
FILLER_0_20_41,VGND,li1,27.1400,65.2800,0.000006
FILLER_0_20_29,VGND,li1,21.6200,65.2800,0.000004
FILLER_0_20_27,VGND,li1,18.1700,65.2800,0.000003
FILLER_0_20_21,VGND,li1,16.5600,65.2800,0.000003
FILLER_0_20_3,VGND,li1,7.1300,65.2800,0.000002
FILLER_0_19_121,VGND,li1,61.8700,65.2800,0.000008
FILLER_0_19_113,VGND,li1,59.3400,65.2800,0.000008
FILLER_0_19_92,VGND,li1,48.7600,65.2800,0.000006
FILLER_0_19_72,VGND,li1,39.5600,65.2800,0.000005
FILLER_0_19_60,VGND,li1,35.8800,65.2800,0.000005
FILLER_0_19_39,VGND,li1,23.6900,65.2800,0.000004
FILLER_0_19_33,VGND,li1,22.0800,65.2800,0.000004
FILLER_0_19_17,VGND,li1,13.8000,65.2800,0.000002
FILLER_0_18_122,VGND,li1,62.1000,59.8400,0.000009
FILLER_0_18_102,VGND,li1,53.3600,59.8400,0.000008
FILLER_0_18_85,VGND,li1,44.8500,59.8400,0.000006
FILLER_0_18_78,VGND,li1,41.8600,59.8400,0.000006
FILLER_0_18_60,VGND,li1,33.5800,59.8400,0.000008
FILLER_0_18_37,VGND,li1,23.2300,59.8400,0.000008
FILLER_0_18_29,VGND,li1,20.7000,59.8400,0.000007
FILLER_0_18_26,VGND,li1,17.9400,59.8400,0.000007
FILLER_0_18_18,VGND,li1,15.6400,59.8400,0.000005
FILLER_0_18_3,VGND,li1,7.1300,59.8400,0.000004
FILLER_0_17_121,VGND,li1,61.8700,59.8400,0.000009
FILLER_0_17_113,VGND,li1,59.3400,59.8400,0.000009
FILLER_0_17_111,VGND,li1,56.8100,59.8400,0.000009
FILLER_0_17_91,VGND,li1,47.6100,59.8400,0.000007
FILLER_0_17_87,VGND,li1,46.4600,59.8400,0.000006
FILLER_0_17_46,VGND,li1,26.9100,59.8400,0.000009
FILLER_0_17_38,VGND,li1,24.8400,59.8400,0.000008
FILLER_0_17_21,VGND,li1,15.4100,59.8400,0.000005
FILLER_0_17_15,VGND,li1,13.8000,59.8400,0.000004
FILLER_0_17_3,VGND,li1,9.6600,59.8400,0.000004
FILLER_0_16_123,VGND,li1,62.3300,54.4000,0.000027
FILLER_0_16_111,VGND,li1,59.3400,54.4000,0.000027
FILLER_0_16_85,VGND,li1,46.0000,54.4000,0.000016
FILLER_0_16_82,VGND,li1,43.7000,54.4000,0.000012
FILLER_0_16_74,VGND,li1,41.4000,54.4000,0.000012
FILLER_0_16_62,VGND,li1,36.8000,54.4000,0.000011
FILLER_0_16_55,VGND,li1,31.0500,54.4000,0.000010
FILLER_0_16_49,VGND,li1,29.4400,54.4000,0.000010
FILLER_0_16_37,VGND,li1,25.3000,54.4000,0.000009
FILLER_0_16_27,VGND,li1,18.1700,54.4000,0.000007
FILLER_0_16_15,VGND,li1,15.1800,54.4000,0.000006
FILLER_0_16_3,VGND,li1,9.6600,54.4000,0.000009
FILLER_0_15_121,VGND,li1,61.8700,54.4000,0.000027
FILLER_0_15_113,VGND,li1,59.3400,54.4000,0.000027
FILLER_0_15_110,VGND,li1,56.5800,54.4000,0.000027
FILLER_0_15_98,VGND,li1,53.3600,54.4000,0.000027
FILLER_0_15_84,VGND,li1,46.0000,54.4000,0.000016
FILLER_0_15_72,VGND,li1,41.4000,54.4000,0.000012
FILLER_0_15_65,VGND,li1,35.6500,54.4000,0.000011
FILLER_0_15_57,VGND,li1,33.5800,54.4000,0.000010
FILLER_0_15_54,VGND,li1,30.8200,54.4000,0.000010
FILLER_0_15_42,VGND,li1,27.6000,54.4000,0.000009
FILLER_0_15_35,VGND,li1,21.8500,54.4000,0.000008
FILLER_0_15_27,VGND,li1,18.4000,54.4000,0.000007
FILLER_0_15_19,VGND,li1,16.1000,54.4000,0.000007
FILLER_0_14_123,VGND,li1,62.3300,48.9600,0.000014
FILLER_0_14_98,VGND,li1,50.8300,48.9600,0.000012
FILLER_0_14_90,VGND,li1,48.7600,48.9600,0.000011
FILLER_0_14_81,VGND,li1,43.4700,48.9600,0.000009
FILLER_0_14_69,VGND,li1,40.0200,48.9600,0.000012
FILLER_0_14_62,VGND,li1,34.2700,48.9600,0.000016
FILLER_0_14_58,VGND,li1,33.1200,48.9600,0.000018
FILLER_0_14_46,VGND,li1,29.4400,48.9600,0.000019
FILLER_0_14_21,VGND,li1,15.6400,48.9600,0.000014
FILLER_0_14_3,VGND,li1,9.6600,48.9600,0.000012
FILLER_0_13_113,VGND,li1,57.7300,48.9600,0.000014
FILLER_0_13_111,VGND,li1,56.8100,48.9600,0.000013
FILLER_0_13_107,VGND,li1,55.6600,48.9600,0.000013
FILLER_0_13_87,VGND,li1,46.0000,48.9600,0.000010
FILLER_0_13_75,VGND,li1,42.7800,48.9600,0.000009
FILLER_0_13_57,VGND,li1,32.2000,48.9600,0.000018
FILLER_0_13_49,VGND,li1,28.2900,48.9600,0.000019
FILLER_0_13_3,VGND,li1,9.6600,48.9600,0.000012
FILLER_0_12_112,VGND,li1,59.8000,43.5200,0.000020
FILLER_0_12_83,VGND,li1,43.9300,43.5200,0.000018
FILLER_0_12_77,VGND,li1,41.6300,43.5200,0.000023
FILLER_0_12_57,VGND,li1,31.9700,43.5200,0.000024
FILLER_0_12_51,VGND,li1,30.3600,43.5200,0.000023
FILLER_0_12_47,VGND,li1,27.3700,43.5200,0.000021
FILLER_0_12_29,VGND,li1,19.5500,43.5200,0.000015
FILLER_0_12_19,VGND,li1,14.4900,43.5200,0.000011
FILLER_0_12_13,VGND,li1,12.8800,43.5200,0.000011
FILLER_0_12_9,VGND,li1,9.8900,43.5200,0.000013
FILLER_0_12_3,VGND,li1,8.2800,43.5200,0.000013
FILLER_0_11_121,VGND,li1,61.8700,43.5200,0.000020
FILLER_0_11_113,VGND,li1,59.3400,43.5200,0.000020
FILLER_0_11_108,VGND,li1,56.1200,43.5200,0.000020
FILLER_0_11_103,VGND,li1,53.3600,43.5200,0.000020
FILLER_0_11_96,VGND,li1,49.9100,43.5200,0.000020
FILLER_0_11_92,VGND,li1,48.7600,43.5200,0.000020
FILLER_0_11_86,VGND,li1,45.7700,43.5200,0.000019
FILLER_0_11_57,VGND,li1,33.1200,43.5200,0.000024
FILLER_0_11_50,VGND,li1,29.9000,43.5200,0.000023
FILLER_0_11_38,VGND,li1,23.4600,43.5200,0.000018
FILLER_0_11_31,VGND,li1,20.4700,43.5200,0.000017
FILLER_0_11_26,VGND,li1,17.9400,43.5200,0.000015
FILLER_0_11_19,VGND,li1,15.1800,43.5200,0.000013
FILLER_0_10_123,VGND,li1,62.3300,38.0800,0.000007
FILLER_0_10_105,VGND,li1,54.2800,38.0800,0.000006
FILLER_0_10_97,VGND,li1,51.9800,38.0800,0.000006
FILLER_0_10_85,VGND,li1,47.3800,38.0800,0.000004
FILLER_0_10_76,VGND,li1,42.3200,38.0800,0.000004
FILLER_0_10_66,VGND,li1,36.1100,38.0800,0.000005
FILLER_0_10_54,VGND,li1,33.1200,38.0800,0.000005
FILLER_0_10_37,VGND,li1,22.7700,38.0800,0.000005
FILLER_0_10_29,VGND,li1,20.7000,38.0800,0.000005
FILLER_0_10_25,VGND,li1,17.7100,38.0800,0.000004
FILLER_0_10_7,VGND,li1,8.9700,38.0800,0.000004
FILLER_0_10_3,VGND,li1,7.8200,38.0800,0.000004
FILLER_0_9_121,VGND,li1,61.8700,38.0800,0.000007
FILLER_0_9_113,VGND,li1,59.3400,38.0800,0.000007
FILLER_0_9_111,VGND,li1,56.8100,38.0800,0.000007
FILLER_0_9_81,VGND,li1,45.5400,38.0800,0.000003
FILLER_0_9_69,VGND,li1,40.0200,38.0800,0.000004
FILLER_0_9_57,VGND,li1,34.5000,38.0800,0.000005
FILLER_0_9_54,VGND,li1,30.8200,38.0800,0.000005
FILLER_0_9_46,VGND,li1,28.5200,38.0800,0.000006
FILLER_0_9_34,VGND,li1,23.9200,38.0800,0.000005
FILLER_0_9_22,VGND,li1,18.4000,38.0800,0.000004
FILLER_0_9_11,VGND,li1,11.2700,38.0800,0.000004
FILLER_0_9_3,VGND,li1,8.7400,38.0800,0.000004
FILLER_0_8_122,VGND,li1,62.1000,32.6400,0.000042
FILLER_0_8_85,VGND,li1,45.3100,32.6400,0.000024
FILLER_0_8_83,VGND,li1,43.9300,32.6400,0.000019
FILLER_0_8_79,VGND,li1,42.7800,32.6400,0.000019
FILLER_0_8_57,VGND,li1,33.1200,32.6400,0.000020
FILLER_0_8_45,VGND,li1,28.9800,32.6400,0.000020
FILLER_0_8_35,VGND,li1,22.5400,32.6400,0.000016
FILLER_0_8_29,VGND,li1,19.5500,32.6400,0.000014
FILLER_0_8_27,VGND,li1,18.1700,32.6400,0.000012
FILLER_0_8_15,VGND,li1,15.1800,32.6400,0.000010
FILLER_0_8_3,VGND,li1,9.6600,32.6400,0.000011
FILLER_0_7_117,VGND,li1,60.2600,32.6400,0.000042
FILLER_0_7_52,VGND,li1,30.3600,32.6400,0.000020
FILLER_0_7_35,VGND,li1,21.8500,32.6400,0.000016
FILLER_0_7_31,VGND,li1,20.7000,32.6400,0.000014
FILLER_0_7_19,VGND,li1,17.0200,32.6400,0.000012
FILLER_0_6_123,VGND,li1,62.3300,27.2000,0.000018
FILLER_0_6_104,VGND,li1,54.0500,27.2000,0.000017
FILLER_0_6_85,VGND,li1,46.0000,27.2000,0.000014
FILLER_0_6_82,VGND,li1,43.7000,27.2000,0.000012
FILLER_0_6_60,VGND,li1,33.5800,27.2000,0.000022
FILLER_0_6_52,VGND,li1,31.2800,27.2000,0.000024
FILLER_0_6_25,VGND,li1,17.7100,27.2000,0.000016
FILLER_0_5_121,VGND,li1,61.8700,27.2000,0.000018
FILLER_0_5_113,VGND,li1,59.3400,27.2000,0.000018
FILLER_0_5_111,VGND,li1,56.8100,27.2000,0.000018
FILLER_0_5_105,VGND,li1,55.2000,27.2000,0.000017
FILLER_0_5_81,VGND,li1,44.6200,27.2000,0.000012
FILLER_0_5_69,VGND,li1,37.7200,27.2000,0.000019
FILLER_0_5_57,VGND,li1,34.5000,27.2000,0.000022
FILLER_0_5_34,VGND,li1,21.6200,27.2000,0.000022
FILLER_0_5_26,VGND,li1,19.3200,27.2000,0.000019
FILLER_0_5_19,VGND,li1,14.4900,27.2000,0.000012
FILLER_0_5_15,VGND,li1,13.3400,27.2000,0.000012
FILLER_0_5_3,VGND,li1,8.2800,27.2000,0.000012
FILLER_0_4_121,VGND,li1,61.8700,21.7600,0.000003
FILLER_0_4_109,VGND,li1,58.4200,21.7600,0.000003
FILLER_0_4_97,VGND,li1,52.9000,21.7600,0.000003
FILLER_0_4_85,VGND,li1,47.3800,21.7600,0.000003
FILLER_0_4_82,VGND,li1,43.7000,21.7600,0.000003
FILLER_0_4_74,VGND,li1,41.4000,21.7600,0.000004
FILLER_0_4_62,VGND,li1,36.8000,21.7600,0.000004
FILLER_0_4_50,VGND,li1,31.2800,21.7600,0.000005
FILLER_0_4_35,VGND,li1,21.8500,21.7600,0.000004
FILLER_0_4_29,VGND,li1,19.5500,21.7600,0.000003
FILLER_0_4_25,VGND,li1,17.7100,21.7600,0.000003
FILLER_0_4_9,VGND,li1,9.8900,21.7600,0.000002
FILLER_0_4_3,VGND,li1,8.2800,21.7600,0.000002
FILLER_0_3_121,VGND,li1,61.8700,21.7600,0.000003
FILLER_0_3_113,VGND,li1,59.3400,21.7600,0.000003
FILLER_0_3_106,VGND,li1,55.6600,21.7600,0.000003
FILLER_0_3_94,VGND,li1,51.5200,21.7600,0.000003
FILLER_0_3_82,VGND,li1,46.0000,21.7600,0.000003
FILLER_0_3_65,VGND,li1,35.6500,21.7600,0.000004
FILLER_0_3_57,VGND,li1,33.5800,21.7600,0.000005
FILLER_0_3_54,VGND,li1,30.8200,21.7600,0.000005
FILLER_0_3_33,VGND,li1,20.9300,21.7600,0.000004
FILLER_0_3_27,VGND,li1,19.3200,21.7600,0.000003
FILLER_0_3_15,VGND,li1,15.1800,21.7600,0.000002
FILLER_0_3_3,VGND,li1,9.6600,21.7600,0.000002
FILLER_0_2_121,VGND,li1,61.8700,16.3200,0.000002
FILLER_0_2_109,VGND,li1,58.4200,16.3200,0.000002
FILLER_0_2_97,VGND,li1,52.9000,16.3200,0.000002
FILLER_0_2_85,VGND,li1,47.3800,16.3200,0.000002
FILLER_0_2_80,VGND,li1,43.2400,16.3200,0.000002
FILLER_0_2_68,VGND,li1,39.5600,16.3200,0.000004
FILLER_0_2_56,VGND,li1,34.0400,16.3200,0.000005
FILLER_0_2_29,VGND,li1,19.5500,16.3200,0.000005
FILLER_0_2_26,VGND,li1,17.9400,16.3200,0.000005
FILLER_0_2_14,VGND,li1,14.7200,16.3200,0.000004
FILLER_0_2_3,VGND,li1,8.7400,16.3200,0.000005
FILLER_0_1_121,VGND,li1,61.8700,16.3200,0.000002
FILLER_0_1_113,VGND,li1,59.3400,16.3200,0.000002
FILLER_0_1_111,VGND,li1,56.8100,16.3200,0.000002
FILLER_0_1_105,VGND,li1,55.2000,16.3200,0.000002
FILLER_0_1_93,VGND,li1,51.0600,16.3200,0.000002
FILLER_0_1_81,VGND,li1,45.5400,16.3200,0.000002
FILLER_0_1_69,VGND,li1,40.0200,16.3200,0.000004
FILLER_0_1_57,VGND,li1,34.5000,16.3200,0.000005
FILLER_0_1_55,VGND,li1,31.0500,16.3200,0.000007
FILLER_0_1_49,VGND,li1,29.4400,16.3200,0.000007
FILLER_0_1_20,VGND,li1,16.5600,16.3200,0.000005
FILLER_0_1_3,VGND,li1,7.1300,16.3200,0.000005
FILLER_0_0_116,VGND,li1,59.3400,10.8800,0.000000
FILLER_0_0_111,VGND,li1,56.8100,10.8800,0.000000
FILLER_0_0_107,VGND,li1,55.6600,10.8800,0.000000
FILLER_0_0_98,VGND,li1,51.9800,10.8800,0.000000
FILLER_0_0_89,VGND,li1,47.8400,10.8800,0.000000
FILLER_0_0_85,VGND,li1,44.8500,10.8800,0.000000
FILLER_0_0_80,VGND,li1,43.2400,10.8800,0.000000
FILLER_0_0_71,VGND,li1,39.5600,10.8800,0.000000
FILLER_0_0_62,VGND,li1,35.4200,10.8800,0.000000
FILLER_0_0_57,VGND,li1,32.2000,10.8800,0.000000
FILLER_0_0_53,VGND,li1,30.5900,10.8800,0.000000
FILLER_0_0_44,VGND,li1,27.1400,10.8800,0.000000
FILLER_0_0_35,VGND,li1,23.0000,10.8800,0.000000
FILLER_0_0_29,VGND,li1,19.5500,10.8800,0.000000
FILLER_0_0_26,VGND,li1,17.9400,10.8800,0.000000
FILLER_0_0_17,VGND,li1,14.7200,10.8800,0.000000
FILLER_0_0_3,VGND,li1,7.3600,10.8800,0.000000
clkbuf_2_3__f_clk,VGND,li1,51.9800,54.4000,0.000027
clkbuf_2_2__f_clk,VGND,li1,55.2000,32.6400,0.000042
clkbuf_2_1__f_clk,VGND,li1,23.4600,48.9600,0.000023
clkbuf_2_0__f_clk,VGND,li1,26.6800,27.2000,0.000029
clkbuf_0_clk,VGND,li1,39.1000,43.5200,0.000028
_267__5,VGND,li1,8.0500,59.8400,0.000004
output4,VGND,li1,14.4900,65.2800,0.000002
output3,VGND,li1,9.8900,10.8800,0.000000
output2,VGND,li1,7.5900,27.2000,0.000012
input1,VGND,li1,60.2600,48.9600,0.000014
_268__26,VGND,li1,13.1100,65.2800,0.000002
mcu_25,VGND,li1,61.8700,32.6400,0.000042
mcu_24,VGND,li1,60.4900,10.8800,0.000000
mcu_23,VGND,li1,61.8700,10.8800,0.000000
mcu_22,VGND,li1,58.1900,10.8800,0.000000
mcu_21,VGND,li1,54.0500,10.8800,0.000000
mcu_20,VGND,li1,49.9100,10.8800,0.000000
mcu_19,VGND,li1,45.7700,10.8800,0.000000
mcu_18,VGND,li1,41.6300,10.8800,0.000000
mcu_17,VGND,li1,37.4900,10.8800,0.000000
mcu_16,VGND,li1,33.3500,10.8800,0.000000
mcu_15,VGND,li1,29.2100,10.8800,0.000000
mcu_14,VGND,li1,25.0700,10.8800,0.000000
mcu_13,VGND,li1,20.9300,10.8800,0.000000
mcu_12,VGND,li1,16.7900,10.8800,0.000000
mcu_11,VGND,li1,12.6500,10.8800,0.000000
mcu_10,VGND,li1,8.5100,10.8800,0.000000
mcu_9,VGND,li1,11.2700,10.8800,0.000000
_270__8,VGND,li1,14.9500,65.2800,0.000003
_269__7,VGND,li1,7.5900,65.2800,0.000002
_268__6,VGND,li1,8.0500,65.2800,0.000002
_267__29,VGND,li1,13.1100,59.8400,0.000004
_270__28,VGND,li1,20.0100,65.2800,0.000004
_269__27,VGND,li1,8.9700,65.2800,0.000002
TAP_TAPCELL_ROW_20_87,VGND,li1,57.2700,65.5710,0.000008
TAP_TAPCELL_ROW_20_86,VGND,li1,44.3900,65.5710,0.000005
TAP_TAPCELL_ROW_20_85,VGND,li1,31.5100,65.5710,0.000006
TAP_TAPCELL_ROW_20_84,VGND,li1,18.6300,65.5710,0.000003
TAP_TAPCELL_ROW_19_83,VGND,li1,57.2700,64.9880,0.000008
TAP_TAPCELL_ROW_19_82,VGND,li1,31.5100,64.9880,0.000006
TAP_TAPCELL_ROW_18_81,VGND,li1,44.3900,60.1310,0.000005
TAP_TAPCELL_ROW_18_80,VGND,li1,18.6300,60.1310,0.000007
TAP_TAPCELL_ROW_17_79,VGND,li1,57.2700,59.5480,0.000009
TAP_TAPCELL_ROW_17_78,VGND,li1,31.5100,59.5480,0.000008
TAP_TAPCELL_ROW_16_77,VGND,li1,44.3900,54.6910,0.000012
TAP_TAPCELL_ROW_16_76,VGND,li1,18.6300,54.6910,0.000007
TAP_TAPCELL_ROW_15_75,VGND,li1,57.2700,54.1080,0.000027
TAP_TAPCELL_ROW_15_74,VGND,li1,31.5100,54.1080,0.000010
TAP_TAPCELL_ROW_14_73,VGND,li1,44.3900,49.2510,0.000009
TAP_TAPCELL_ROW_14_72,VGND,li1,18.6300,49.2510,0.000017
TAP_TAPCELL_ROW_13_71,VGND,li1,57.2700,48.6680,0.000013
TAP_TAPCELL_ROW_13_70,VGND,li1,31.5100,48.6680,0.000018
TAP_TAPCELL_ROW_12_69,VGND,li1,44.3900,43.8110,0.000018
TAP_TAPCELL_ROW_12_68,VGND,li1,18.6300,43.8110,0.000015
TAP_TAPCELL_ROW_11_67,VGND,li1,57.2700,43.2280,0.000020
TAP_TAPCELL_ROW_11_66,VGND,li1,31.5100,43.2280,0.000023
TAP_TAPCELL_ROW_10_65,VGND,li1,44.3900,38.3710,0.000003
TAP_TAPCELL_ROW_10_64,VGND,li1,18.6300,38.3710,0.000004
TAP_TAPCELL_ROW_9_63,VGND,li1,57.2700,37.7880,0.000007
TAP_TAPCELL_ROW_9_62,VGND,li1,31.5100,37.7880,0.000005
TAP_TAPCELL_ROW_8_61,VGND,li1,44.3900,32.9310,0.000019
TAP_TAPCELL_ROW_8_60,VGND,li1,18.6300,32.9310,0.000012
TAP_TAPCELL_ROW_7_59,VGND,li1,57.2700,32.3480,0.000042
TAP_TAPCELL_ROW_7_58,VGND,li1,31.5100,32.3480,0.000020
TAP_TAPCELL_ROW_6_57,VGND,li1,44.3900,27.4910,0.000012
TAP_TAPCELL_ROW_6_56,VGND,li1,18.6300,27.4910,0.000019
TAP_TAPCELL_ROW_5_55,VGND,li1,57.2700,26.9080,0.000018
TAP_TAPCELL_ROW_5_54,VGND,li1,31.5100,26.9080,0.000024
TAP_TAPCELL_ROW_4_53,VGND,li1,44.3900,22.0510,0.000003
TAP_TAPCELL_ROW_4_52,VGND,li1,18.6300,22.0510,0.000003
TAP_TAPCELL_ROW_3_51,VGND,li1,57.2700,21.4680,0.000003
TAP_TAPCELL_ROW_3_50,VGND,li1,31.5100,21.4680,0.000005
TAP_TAPCELL_ROW_2_49,VGND,li1,44.3900,16.6110,0.000002
TAP_TAPCELL_ROW_2_48,VGND,li1,18.6300,16.6110,0.000005
TAP_TAPCELL_ROW_1_47,VGND,li1,57.2700,16.0280,0.000002
TAP_TAPCELL_ROW_1_46,VGND,li1,31.5100,16.0280,0.000006
TAP_TAPCELL_ROW_0_45,VGND,li1,57.2700,11.1710,0.000000
TAP_TAPCELL_ROW_0_44,VGND,li1,44.3900,11.1710,0.000000
TAP_TAPCELL_ROW_0_43,VGND,li1,31.5100,11.1710,0.000000
TAP_TAPCELL_ROW_0_42,VGND,li1,18.6300,11.1710,0.000000
PHY_EDGE_ROW_20_Left_41,VGND,li1,6.2100,65.2800,0.000002
PHY_EDGE_ROW_19_Left_40,VGND,li1,6.2100,65.2800,0.000002
PHY_EDGE_ROW_18_Left_39,VGND,li1,6.2100,59.8400,0.000004
PHY_EDGE_ROW_17_Left_38,VGND,li1,6.2100,59.8400,0.000004
PHY_EDGE_ROW_16_Left_37,VGND,li1,6.2100,54.4000,0.000009
PHY_EDGE_ROW_15_Left_36,VGND,li1,6.2100,54.4000,0.000009
PHY_EDGE_ROW_14_Left_35,VGND,li1,6.2100,48.9600,0.000012
PHY_EDGE_ROW_13_Left_34,VGND,li1,6.2100,48.9600,0.000012
PHY_EDGE_ROW_12_Left_33,VGND,li1,6.2100,43.5200,0.000013
PHY_EDGE_ROW_11_Left_32,VGND,li1,6.2100,43.5200,0.000013
PHY_EDGE_ROW_10_Left_31,VGND,li1,6.2100,38.0800,0.000004
PHY_EDGE_ROW_9_Left_30,VGND,li1,6.2100,38.0800,0.000004
PHY_EDGE_ROW_8_Left_29,VGND,li1,6.2100,32.6400,0.000011
PHY_EDGE_ROW_7_Left_28,VGND,li1,6.2100,32.6400,0.000011
PHY_EDGE_ROW_6_Left_27,VGND,li1,6.2100,27.2000,0.000012
PHY_EDGE_ROW_5_Left_26,VGND,li1,6.2100,27.2000,0.000012
PHY_EDGE_ROW_4_Left_25,VGND,li1,6.2100,21.7600,0.000002
PHY_EDGE_ROW_3_Left_24,VGND,li1,6.2100,21.7600,0.000002
PHY_EDGE_ROW_2_Left_23,VGND,li1,6.2100,16.3200,0.000005
PHY_EDGE_ROW_1_Left_22,VGND,li1,6.2100,16.3200,0.000005
PHY_EDGE_ROW_0_Left_21,VGND,li1,6.2100,10.8800,0.000000
PHY_EDGE_ROW_20_Right_20,VGND,li1,63.2500,65.2800,0.000008
PHY_EDGE_ROW_19_Right_19,VGND,li1,63.2500,65.2800,0.000008
PHY_EDGE_ROW_18_Right_18,VGND,li1,63.2500,59.8400,0.000009
PHY_EDGE_ROW_17_Right_17,VGND,li1,63.2500,59.8400,0.000009
PHY_EDGE_ROW_16_Right_16,VGND,li1,63.2500,54.4000,0.000027
PHY_EDGE_ROW_15_Right_15,VGND,li1,63.2500,54.4000,0.000027
PHY_EDGE_ROW_14_Right_14,VGND,li1,63.2500,48.9600,0.000014
PHY_EDGE_ROW_13_Right_13,VGND,li1,63.2500,48.9600,0.000014
PHY_EDGE_ROW_12_Right_12,VGND,li1,63.2500,43.5200,0.000020
PHY_EDGE_ROW_11_Right_11,VGND,li1,63.2500,43.5200,0.000020
PHY_EDGE_ROW_10_Right_10,VGND,li1,63.2500,38.0800,0.000007
PHY_EDGE_ROW_9_Right_9,VGND,li1,63.2500,38.0800,0.000007
PHY_EDGE_ROW_8_Right_8,VGND,li1,63.2500,32.6400,0.000042
PHY_EDGE_ROW_7_Right_7,VGND,li1,63.2500,32.6400,0.000042
PHY_EDGE_ROW_6_Right_6,VGND,li1,63.2500,27.2000,0.000018
PHY_EDGE_ROW_5_Right_5,VGND,li1,63.2500,27.2000,0.000018
PHY_EDGE_ROW_4_Right_4,VGND,li1,63.2500,21.7600,0.000003
PHY_EDGE_ROW_3_Right_3,VGND,li1,63.2500,21.7600,0.000003
PHY_EDGE_ROW_2_Right_2,VGND,li1,63.2500,16.3200,0.000002
PHY_EDGE_ROW_1_Right_1,VGND,li1,63.2500,16.3200,0.000002
PHY_EDGE_ROW_0_Right_0,VGND,li1,63.2500,10.8800,0.000000
_270_,VGND,li1,17.4800,65.2800,0.000003
_269_,VGND,li1,11.5000,65.2800,0.000002
_268_,VGND,li1,10.5800,65.2800,0.000002
_267_,VGND,li1,10.5800,59.8400,0.000004
_241_,VGND,li1,22.0800,16.3200,0.000006
_240_,VGND,li1,27.6000,16.3200,0.000007
_239_,VGND,li1,25.7600,32.6400,0.000019
_238_,VGND,li1,10.5800,43.5200,0.000013
_237_,VGND,li1,10.5800,54.4000,0.000009
_236_,VGND,li1,19.3200,59.8400,0.000007
_235_,VGND,li1,26.6800,38.0800,0.000006
_234_,VGND,li1,13.1100,38.0800,0.000004
_233_,VGND,li1,10.5800,32.6400,0.000011
_232_,VGND,li1,25.7600,27.2000,0.000029
_231_,VGND,li1,13.3400,27.2000,0.000012
_230_,VGND,li1,11.0400,16.3200,0.000005
_229_,VGND,li1,37.7200,32.6400,0.000021
_228_,VGND,li1,38.1800,32.6400,0.000021
_227_,VGND,li1,39.5600,21.7600,0.000004
_226_,VGND,li1,50.1400,27.2000,0.000016
_225_,VGND,li1,53.3600,32.6400,0.000039
_224_,VGND,li1,58.4200,27.2000,0.000018
_223_,VGND,li1,58.4200,38.0800,0.000007
_222_,VGND,li1,48.3000,43.5200,0.000020
_221_,VGND,li1,58.4200,48.9600,0.000014
_220_,VGND,li1,57.9600,59.8400,0.000009
_219_,VGND,li1,53.3600,65.2800,0.000008
_218_,VGND,li1,44.1600,65.2800,0.000005
_217_,VGND,li1,37.7200,59.8400,0.000008
_216_,VGND,li1,27.6000,65.2800,0.000006
_215_,VGND,li1,27.6000,59.8400,0.000009
_214_,VGND,li1,36.3400,48.9600,0.000015
_213_,VGND,li1,37.2600,43.5200,0.000027
_212_,VGND,li1,22.0800,16.3200,0.000006
_211_,VGND,li1,22.7700,21.7600,0.000004
_210_,VGND,li1,25.7600,21.7600,0.000005
_209_,VGND,li1,28.0600,21.7600,0.000005
_208_,VGND,li1,24.8400,32.6400,0.000019
_207_,VGND,li1,27.1400,21.7600,0.000005
_206_,VGND,li1,10.8100,43.5200,0.000013
_205_,VGND,li1,14.4900,48.9600,0.000012
_204_,VGND,li1,17.2500,48.9600,0.000014
_203_,VGND,li1,13.8000,48.9600,0.000012
_202_,VGND,li1,17.7100,48.9600,0.000017
_201_,VGND,li1,22.0800,43.5200,0.000017
_200_,VGND,li1,26.4500,43.5200,0.000020
_199_,VGND,li1,20.7000,54.4000,0.000008
_198_,VGND,li1,20.2400,54.4000,0.000008
_197_,VGND,li1,24.8400,43.5200,0.000018
_196_,VGND,li1,24.6100,48.9600,0.000022
_195_,VGND,li1,22.0800,43.5200,0.000017
_194_,VGND,li1,25.5300,43.5200,0.000020
_193_,VGND,li1,27.8300,43.5200,0.000021
_192_,VGND,li1,12.6500,38.0800,0.000004
_191_,VGND,li1,14.4900,38.0800,0.000004
_190_,VGND,li1,19.0900,43.5200,0.000015
_189_,VGND,li1,16.5600,43.5200,0.000013
_188_,VGND,li1,22.7700,48.9600,0.000023
_187_,VGND,li1,20.2400,48.9600,0.000020
_186_,VGND,li1,16.7900,43.5200,0.000013
_185_,VGND,li1,8.9700,27.2000,0.000012
_184_,VGND,li1,23.9200,21.7600,0.000004
_183_,VGND,li1,29.6700,21.7600,0.000005
_182_,VGND,li1,26.9100,16.3200,0.000007
_181_,VGND,li1,20.4700,27.2000,0.000022
_180_,VGND,li1,20.9300,21.7600,0.000004
_179_,VGND,li1,16.3300,21.7600,0.000003
_178_,VGND,li1,11.2700,16.3200,0.000005
_177_,VGND,li1,11.7300,21.7600,0.000002
_176_,VGND,li1,20.9300,32.6400,0.000014
_175_,VGND,li1,14.4900,21.7600,0.000002
_174_,VGND,li1,11.0400,27.2000,0.000012
_173_,VGND,li1,16.1000,27.2000,0.000016
_172_,VGND,li1,36.3400,27.2000,0.000019
_171_,VGND,li1,43.2400,32.6400,0.000019
_170_,VGND,li1,42.5500,27.2000,0.000015
_169_,VGND,li1,34.7300,27.2000,0.000022
_168_,VGND,li1,32.8900,32.6400,0.000020
_167_,VGND,li1,40.9400,27.2000,0.000015
_166_,VGND,li1,38.6400,27.2000,0.000017
_165_,VGND,li1,39.5600,27.2000,0.000017
_164_,VGND,li1,41.8600,27.2000,0.000015
_163_,VGND,li1,48.0700,27.2000,0.000015
_162_,VGND,li1,48.7600,32.6400,0.000030
_161_,VGND,li1,51.0600,27.2000,0.000016
_160_,VGND,li1,48.9900,32.6400,0.000030
_159_,VGND,li1,46.6900,32.6400,0.000024
_158_,VGND,li1,49.9100,38.0800,0.000005
_157_,VGND,li1,52.9000,38.0800,0.000006
_156_,VGND,li1,55.4300,38.0800,0.000006
_155_,VGND,li1,58.4200,32.6400,0.000042
_154_,VGND,li1,60.7200,32.6400,0.000042
_153_,VGND,li1,54.5100,43.5200,0.000020
_152_,VGND,li1,56.1200,43.5200,0.000020
_151_,VGND,li1,53.5900,43.5200,0.000020
_150_,VGND,li1,47.1500,43.5200,0.000019
_149_,VGND,li1,48.0700,48.9600,0.000011
_148_,VGND,li1,51.0600,48.9600,0.000012
_147_,VGND,li1,53.5900,48.9600,0.000013
_146_,VGND,li1,53.8200,48.9600,0.000013
_145_,VGND,li1,51.9800,48.9600,0.000012
_144_,VGND,li1,55.8900,59.8400,0.000009
_143_,VGND,li1,54.2800,59.8400,0.000009
_142_,VGND,li1,49.4500,59.8400,0.000007
_141_,VGND,li1,51.7500,59.8400,0.000008
_140_,VGND,li1,49.4500,59.8400,0.000007
_139_,VGND,li1,46.4600,59.8400,0.000006
_138_,VGND,li1,52.2100,59.8400,0.000008
_137_,VGND,li1,43.2400,59.8400,0.000005
_136_,VGND,li1,44.6200,59.8400,0.000005
_135_,VGND,li1,40.4800,59.8400,0.000006
_134_,VGND,li1,43.0100,59.8400,0.000005
_133_,VGND,li1,36.8000,59.8400,0.000008
_132_,VGND,li1,32.4300,65.2800,0.000006
_131_,VGND,li1,33.3500,59.8400,0.000008
_130_,VGND,li1,32.6600,54.4000,0.000010
_129_,VGND,li1,30.1300,59.8400,0.000008
_128_,VGND,li1,28.0600,59.8400,0.000009
_127_,VGND,li1,32.2000,59.8400,0.000008
_126_,VGND,li1,39.5600,38.0800,0.000004
_125_,VGND,li1,35.1900,48.9600,0.000016
_124_,VGND,li1,29.9000,48.9600,0.000019
_123_,VGND,li1,44.3900,43.5200,0.000018
_122_,VGND,li1,36.5700,48.9600,0.000015
_121_,VGND,li1,32.8900,43.5200,0.000024
_120_,VGND,li1,37.4900,38.0800,0.000005
_119_,VGND,li1,43.0100,43.5200,0.000023
_118_,VGND,li1,45.7700,48.9600,0.000010
_117_,VGND,li1,46.4600,32.6400,0.000024
_116_,VGND,li1,37.2600,54.4000,0.000011
_115_,VGND,li1,49.2200,54.4000,0.000022
_114_,VGND,li1,51.5200,43.5200,0.000020
_113_,VGND,li1,24.1500,54.4000,0.000008
_112_,VGND,li1,22.7700,54.4000,0.000008
_111_,VGND,li1,28.2900,43.5200,0.000021
_110_,VGND,li1,25.9900,48.9600,0.000022
