Instance,Terminal,Layer,X location,Y location,Voltage
FILLER_0_20_121,VPWR,li1,61.8700,68.0000,1.800000
FILLER_0_20_113,VPWR,li1,59.3400,68.0000,1.800000
FILLER_0_20_109,VPWR,li1,56.3500,68.0000,1.800000
FILLER_0_20_97,VPWR,li1,52.9000,68.0000,1.800000
FILLER_0_20_85,VPWR,li1,47.3800,68.0000,1.800000
FILLER_0_20_81,VPWR,li1,43.4700,68.0000,1.800000
FILLER_0_20_69,VPWR,li1,40.0200,68.0000,1.800000
FILLER_0_20_57,VPWR,li1,34.5000,68.0000,1.800000
FILLER_0_20_53,VPWR,li1,30.5900,68.0000,1.800000
FILLER_0_20_41,VPWR,li1,27.1400,68.0000,1.800000
FILLER_0_20_29,VPWR,li1,21.6200,68.0000,1.800000
FILLER_0_20_27,VPWR,li1,18.1700,68.0000,1.800000
FILLER_0_20_21,VPWR,li1,16.5600,68.0000,1.800000
FILLER_0_20_3,VPWR,li1,7.1300,68.0000,1.800000
FILLER_0_19_121,VPWR,li1,61.8700,62.5600,1.799986
FILLER_0_19_113,VPWR,li1,59.3400,62.5600,1.799986
FILLER_0_19_92,VPWR,li1,48.7600,62.5600,1.799989
FILLER_0_19_72,VPWR,li1,39.5600,62.5600,1.799993
FILLER_0_19_60,VPWR,li1,35.8800,62.5600,1.799992
FILLER_0_19_39,VPWR,li1,23.6900,62.5600,1.799994
FILLER_0_19_33,VPWR,li1,22.0800,62.5600,1.799994
FILLER_0_19_17,VPWR,li1,13.8000,62.5600,1.799997
FILLER_0_18_122,VPWR,li1,62.1000,62.5600,1.799986
FILLER_0_18_102,VPWR,li1,53.3600,62.5600,1.799988
FILLER_0_18_85,VPWR,li1,44.8500,62.5600,1.799990
FILLER_0_18_78,VPWR,li1,41.8600,62.5600,1.799991
FILLER_0_18_60,VPWR,li1,33.5800,62.5600,1.799992
FILLER_0_18_37,VPWR,li1,23.2300,62.5600,1.799994
FILLER_0_18_29,VPWR,li1,20.7000,62.5600,1.799995
FILLER_0_18_26,VPWR,li1,17.9400,62.5600,1.799995
FILLER_0_18_18,VPWR,li1,15.6400,62.5600,1.799996
FILLER_0_18_3,VPWR,li1,7.1300,62.5600,1.799998
FILLER_0_17_121,VPWR,li1,61.8700,57.1200,1.799967
FILLER_0_17_113,VPWR,li1,59.3400,57.1200,1.799967
FILLER_0_17_111,VPWR,li1,56.8100,57.1200,1.799967
FILLER_0_17_91,VPWR,li1,47.6100,57.1200,1.799978
FILLER_0_17_87,VPWR,li1,46.4600,57.1200,1.799978
FILLER_0_17_46,VPWR,li1,26.9100,57.1200,1.799990
FILLER_0_17_38,VPWR,li1,24.8400,57.1200,1.799990
FILLER_0_17_21,VPWR,li1,15.4100,57.1200,1.799994
FILLER_0_17_15,VPWR,li1,13.8000,57.1200,1.799994
FILLER_0_17_3,VPWR,li1,9.6600,57.1200,1.799996
FILLER_0_16_123,VPWR,li1,62.3300,57.1200,1.799967
FILLER_0_16_111,VPWR,li1,59.3400,57.1200,1.799967
FILLER_0_16_85,VPWR,li1,46.0000,57.1200,1.799978
FILLER_0_16_82,VPWR,li1,43.7000,57.1200,1.799983
FILLER_0_16_74,VPWR,li1,41.4000,57.1200,1.799987
FILLER_0_16_62,VPWR,li1,36.8000,57.1200,1.799988
FILLER_0_16_55,VPWR,li1,31.0500,57.1200,1.799990
FILLER_0_16_49,VPWR,li1,29.4400,57.1200,1.799990
FILLER_0_16_37,VPWR,li1,25.3000,57.1200,1.799990
FILLER_0_16_27,VPWR,li1,18.1700,57.1200,1.799992
FILLER_0_16_15,VPWR,li1,15.1800,57.1200,1.799994
FILLER_0_16_3,VPWR,li1,9.6600,57.1200,1.799996
FILLER_0_15_121,VPWR,li1,61.8700,51.6800,1.799991
FILLER_0_15_113,VPWR,li1,59.3400,51.6800,1.799991
FILLER_0_15_110,VPWR,li1,56.5800,51.6800,1.799992
FILLER_0_15_98,VPWR,li1,53.3600,51.6800,1.799993
FILLER_0_15_84,VPWR,li1,46.0000,51.6800,1.799995
FILLER_0_15_72,VPWR,li1,41.4000,51.6800,1.799997
FILLER_0_15_65,VPWR,li1,35.6500,51.6800,1.799997
FILLER_0_15_57,VPWR,li1,33.5800,51.6800,1.799996
FILLER_0_15_54,VPWR,li1,30.8200,51.6800,1.799996
FILLER_0_15_42,VPWR,li1,27.6000,51.6800,1.799996
FILLER_0_15_35,VPWR,li1,21.8500,51.6800,1.799995
FILLER_0_15_27,VPWR,li1,18.4000,51.6800,1.799995
FILLER_0_15_19,VPWR,li1,16.1000,51.6800,1.799995
FILLER_0_14_123,VPWR,li1,62.3300,51.6800,1.799991
FILLER_0_14_98,VPWR,li1,50.8300,51.6800,1.799994
FILLER_0_14_90,VPWR,li1,48.7600,51.6800,1.799994
FILLER_0_14_81,VPWR,li1,43.4700,51.6800,1.799996
FILLER_0_14_69,VPWR,li1,40.0200,51.6800,1.799997
FILLER_0_14_62,VPWR,li1,34.2700,51.6800,1.799996
FILLER_0_14_58,VPWR,li1,33.1200,51.6800,1.799996
FILLER_0_14_46,VPWR,li1,29.4400,51.6800,1.799996
FILLER_0_14_21,VPWR,li1,15.6400,51.6800,1.799995
FILLER_0_14_3,VPWR,li1,9.6600,51.6800,1.799995
FILLER_0_13_113,VPWR,li1,57.7300,46.2400,1.799986
FILLER_0_13_111,VPWR,li1,56.8100,46.2400,1.799986
FILLER_0_13_107,VPWR,li1,55.6600,46.2400,1.799986
FILLER_0_13_87,VPWR,li1,46.0000,46.2400,1.799987
FILLER_0_13_75,VPWR,li1,42.7800,46.2400,1.799988
FILLER_0_13_57,VPWR,li1,32.2000,46.2400,1.799981
FILLER_0_13_49,VPWR,li1,28.2900,46.2400,1.799978
FILLER_0_13_3,VPWR,li1,9.6600,46.2400,1.799989
FILLER_0_12_112,VPWR,li1,59.8000,46.2400,1.799986
FILLER_0_12_83,VPWR,li1,43.9300,46.2400,1.799988
FILLER_0_12_77,VPWR,li1,41.6300,46.2400,1.799988
FILLER_0_12_57,VPWR,li1,31.9700,46.2400,1.799981
FILLER_0_12_51,VPWR,li1,30.3600,46.2400,1.799980
FILLER_0_12_47,VPWR,li1,27.3700,46.2400,1.799978
FILLER_0_12_29,VPWR,li1,19.5500,46.2400,1.799980
FILLER_0_12_19,VPWR,li1,14.4900,46.2400,1.799987
FILLER_0_12_13,VPWR,li1,12.8800,46.2400,1.799987
FILLER_0_12_9,VPWR,li1,9.8900,46.2400,1.799989
FILLER_0_12_3,VPWR,li1,8.2800,46.2400,1.799989
FILLER_0_11_121,VPWR,li1,61.8700,40.8000,1.799974
FILLER_0_11_113,VPWR,li1,59.3400,40.8000,1.799974
FILLER_0_11_108,VPWR,li1,56.1200,40.8000,1.799974
FILLER_0_11_103,VPWR,li1,53.3600,40.8000,1.799976
FILLER_0_11_96,VPWR,li1,49.9100,40.8000,1.799976
FILLER_0_11_92,VPWR,li1,48.7600,40.8000,1.799977
FILLER_0_11_86,VPWR,li1,45.7700,40.8000,1.799978
FILLER_0_11_57,VPWR,li1,33.1200,40.8000,1.799980
FILLER_0_11_50,VPWR,li1,29.9000,40.8000,1.799980
FILLER_0_11_38,VPWR,li1,23.4600,40.8000,1.799982
FILLER_0_11_31,VPWR,li1,20.4700,40.8000,1.799983
FILLER_0_11_26,VPWR,li1,17.9400,40.8000,1.799984
FILLER_0_11_19,VPWR,li1,15.1800,40.8000,1.799985
FILLER_0_10_123,VPWR,li1,62.3300,40.8000,1.799974
FILLER_0_10_105,VPWR,li1,54.2800,40.8000,1.799975
FILLER_0_10_97,VPWR,li1,51.9800,40.8000,1.799976
FILLER_0_10_85,VPWR,li1,47.3800,40.8000,1.799977
FILLER_0_10_76,VPWR,li1,42.3200,40.8000,1.799979
FILLER_0_10_66,VPWR,li1,36.1100,40.8000,1.799980
FILLER_0_10_54,VPWR,li1,33.1200,40.8000,1.799980
FILLER_0_10_37,VPWR,li1,22.7700,40.8000,1.799982
FILLER_0_10_29,VPWR,li1,20.7000,40.8000,1.799983
FILLER_0_10_25,VPWR,li1,17.7100,40.8000,1.799984
FILLER_0_10_7,VPWR,li1,8.9700,40.8000,1.799989
FILLER_0_10_3,VPWR,li1,7.8200,40.8000,1.799989
FILLER_0_9_121,VPWR,li1,61.8700,35.3600,1.799962
FILLER_0_9_113,VPWR,li1,59.3400,35.3600,1.799962
FILLER_0_9_111,VPWR,li1,56.8100,35.3600,1.799962
FILLER_0_9_81,VPWR,li1,45.5400,35.3600,1.799978
FILLER_0_9_69,VPWR,li1,40.0200,35.3600,1.799987
FILLER_0_9_57,VPWR,li1,34.5000,35.3600,1.799988
FILLER_0_9_54,VPWR,li1,30.8200,35.3600,1.799989
FILLER_0_9_46,VPWR,li1,28.5200,35.3600,1.799990
FILLER_0_9_34,VPWR,li1,23.9200,35.3600,1.799991
FILLER_0_9_22,VPWR,li1,18.4000,35.3600,1.799993
FILLER_0_9_11,VPWR,li1,11.2700,35.3600,1.799997
FILLER_0_9_3,VPWR,li1,8.7400,35.3600,1.799997
FILLER_0_8_122,VPWR,li1,62.1000,35.3600,1.799962
FILLER_0_8_85,VPWR,li1,45.3100,35.3600,1.799978
FILLER_0_8_83,VPWR,li1,43.9300,35.3600,1.799982
FILLER_0_8_79,VPWR,li1,42.7800,35.3600,1.799982
FILLER_0_8_57,VPWR,li1,33.1200,35.3600,1.799988
FILLER_0_8_45,VPWR,li1,28.9800,35.3600,1.799990
FILLER_0_8_35,VPWR,li1,22.5400,35.3600,1.799992
FILLER_0_8_29,VPWR,li1,19.5500,35.3600,1.799993
FILLER_0_8_27,VPWR,li1,18.1700,35.3600,1.799993
FILLER_0_8_15,VPWR,li1,15.1800,35.3600,1.799995
FILLER_0_8_3,VPWR,li1,9.6600,35.3600,1.799997
FILLER_0_7_117,VPWR,li1,60.2600,29.9200,1.799982
FILLER_0_7_52,VPWR,li1,30.3600,29.9200,1.799987
FILLER_0_7_35,VPWR,li1,21.8500,29.9200,1.799987
FILLER_0_7_31,VPWR,li1,20.7000,29.9200,1.799987
FILLER_0_7_19,VPWR,li1,17.0200,29.9200,1.799988
FILLER_0_6_123,VPWR,li1,62.3300,29.9200,1.799982
FILLER_0_6_104,VPWR,li1,54.0500,29.9200,1.799983
FILLER_0_6_85,VPWR,li1,46.0000,29.9200,1.799988
FILLER_0_6_82,VPWR,li1,43.7000,29.9200,1.799989
FILLER_0_6_60,VPWR,li1,33.5800,29.9200,1.799987
FILLER_0_6_52,VPWR,li1,31.2800,29.9200,1.799987
FILLER_0_6_25,VPWR,li1,17.7100,29.9200,1.799988
FILLER_0_5_121,VPWR,li1,61.8700,24.4800,1.799986
FILLER_0_5_113,VPWR,li1,59.3400,24.4800,1.799986
FILLER_0_5_111,VPWR,li1,56.8100,24.4800,1.799986
FILLER_0_5_105,VPWR,li1,55.2000,24.4800,1.799986
FILLER_0_5_81,VPWR,li1,44.6200,24.4800,1.799988
FILLER_0_5_69,VPWR,li1,37.7200,24.4800,1.799986
FILLER_0_5_57,VPWR,li1,34.5000,24.4800,1.799983
FILLER_0_5_34,VPWR,li1,21.6200,24.4800,1.799980
FILLER_0_5_26,VPWR,li1,19.3200,24.4800,1.799983
FILLER_0_5_19,VPWR,li1,14.4900,24.4800,1.799988
FILLER_0_5_15,VPWR,li1,13.3400,24.4800,1.799988
FILLER_0_5_3,VPWR,li1,8.2800,24.4800,1.799991
FILLER_0_4_121,VPWR,li1,61.8700,24.4800,1.799986
FILLER_0_4_109,VPWR,li1,58.4200,24.4800,1.799986
FILLER_0_4_97,VPWR,li1,52.9000,24.4800,1.799986
FILLER_0_4_85,VPWR,li1,47.3800,24.4800,1.799987
FILLER_0_4_82,VPWR,li1,43.7000,24.4800,1.799988
FILLER_0_4_74,VPWR,li1,41.4000,24.4800,1.799988
FILLER_0_4_62,VPWR,li1,36.8000,24.4800,1.799986
FILLER_0_4_50,VPWR,li1,31.2800,24.4800,1.799980
FILLER_0_4_35,VPWR,li1,21.8500,24.4800,1.799980
FILLER_0_4_29,VPWR,li1,19.5500,24.4800,1.799983
FILLER_0_4_25,VPWR,li1,17.7100,24.4800,1.799985
FILLER_0_4_9,VPWR,li1,9.8900,24.4800,1.799991
FILLER_0_4_3,VPWR,li1,8.2800,24.4800,1.799991
FILLER_0_3_121,VPWR,li1,61.8700,19.0400,1.799997
FILLER_0_3_113,VPWR,li1,59.3400,19.0400,1.799997
FILLER_0_3_106,VPWR,li1,55.6600,19.0400,1.799997
FILLER_0_3_94,VPWR,li1,51.5200,19.0400,1.799997
FILLER_0_3_82,VPWR,li1,46.0000,19.0400,1.799997
FILLER_0_3_65,VPWR,li1,35.6500,19.0400,1.799995
FILLER_0_3_57,VPWR,li1,33.5800,19.0400,1.799994
FILLER_0_3_54,VPWR,li1,30.8200,19.0400,1.799993
FILLER_0_3_33,VPWR,li1,20.9300,19.0400,1.799994
FILLER_0_3_27,VPWR,li1,19.3200,19.0400,1.799995
FILLER_0_3_15,VPWR,li1,15.1800,19.0400,1.799996
FILLER_0_3_3,VPWR,li1,9.6600,19.0400,1.799997
FILLER_0_2_121,VPWR,li1,61.8700,19.0400,1.799997
FILLER_0_2_109,VPWR,li1,58.4200,19.0400,1.799997
FILLER_0_2_97,VPWR,li1,52.9000,19.0400,1.799997
FILLER_0_2_85,VPWR,li1,47.3800,19.0400,1.799997
FILLER_0_2_80,VPWR,li1,43.2400,19.0400,1.799997
FILLER_0_2_68,VPWR,li1,39.5600,19.0400,1.799997
FILLER_0_2_56,VPWR,li1,34.0400,19.0400,1.799994
FILLER_0_2_29,VPWR,li1,19.5500,19.0400,1.799995
FILLER_0_2_26,VPWR,li1,17.9400,19.0400,1.799995
FILLER_0_2_14,VPWR,li1,14.7200,19.0400,1.799996
FILLER_0_2_3,VPWR,li1,8.7400,19.0400,1.799997
FILLER_0_1_121,VPWR,li1,61.8700,13.6000,1.799998
FILLER_0_1_113,VPWR,li1,59.3400,13.6000,1.799998
FILLER_0_1_111,VPWR,li1,56.8100,13.6000,1.799998
FILLER_0_1_105,VPWR,li1,55.2000,13.6000,1.799998
FILLER_0_1_93,VPWR,li1,51.0600,13.6000,1.799998
FILLER_0_1_81,VPWR,li1,45.5400,13.6000,1.799998
FILLER_0_1_69,VPWR,li1,40.0200,13.6000,1.799998
FILLER_0_1_57,VPWR,li1,34.5000,13.6000,1.799997
FILLER_0_1_55,VPWR,li1,31.0500,13.6000,1.799997
FILLER_0_1_49,VPWR,li1,29.4400,13.6000,1.799997
FILLER_0_1_20,VPWR,li1,16.5600,13.6000,1.799996
FILLER_0_1_3,VPWR,li1,7.1300,13.6000,1.799997
FILLER_0_0_116,VPWR,li1,59.3400,13.6000,1.799998
FILLER_0_0_111,VPWR,li1,56.8100,13.6000,1.799998
FILLER_0_0_107,VPWR,li1,55.6600,13.6000,1.799998
FILLER_0_0_98,VPWR,li1,51.9800,13.6000,1.799998
FILLER_0_0_89,VPWR,li1,47.8400,13.6000,1.799998
FILLER_0_0_85,VPWR,li1,44.8500,13.6000,1.799998
FILLER_0_0_80,VPWR,li1,43.2400,13.6000,1.799998
FILLER_0_0_71,VPWR,li1,39.5600,13.6000,1.799998
FILLER_0_0_62,VPWR,li1,35.4200,13.6000,1.799998
FILLER_0_0_57,VPWR,li1,32.2000,13.6000,1.799997
FILLER_0_0_53,VPWR,li1,30.5900,13.6000,1.799997
FILLER_0_0_44,VPWR,li1,27.1400,13.6000,1.799996
FILLER_0_0_35,VPWR,li1,23.0000,13.6000,1.799996
FILLER_0_0_29,VPWR,li1,19.5500,13.6000,1.799996
FILLER_0_0_26,VPWR,li1,17.9400,13.6000,1.799996
FILLER_0_0_17,VPWR,li1,14.7200,13.6000,1.799996
FILLER_0_0_3,VPWR,li1,7.3600,13.6000,1.799997
clkbuf_2_3__f_clk,VPWR,li1,51.9800,57.1200,1.799967
clkbuf_2_2__f_clk,VPWR,li1,55.2000,35.3600,1.799962
clkbuf_2_1__f_clk,VPWR,li1,23.4600,46.2400,1.799975
clkbuf_2_0__f_clk,VPWR,li1,26.6800,24.4800,1.799975
clkbuf_0_clk,VPWR,li1,39.1000,40.8000,1.799979
_267__5,VPWR,li1,8.0500,62.5600,1.799998
output4,VPWR,li1,14.4900,68.0000,1.800000
output3,VPWR,li1,9.8900,13.6000,1.799997
output2,VPWR,li1,7.5900,29.9200,1.799992
input1,VPWR,li1,60.2600,46.2400,1.799986
_268__26,VPWR,li1,13.1100,68.0000,1.800000
mcu_25,VPWR,li1,61.8700,29.9200,1.799982
mcu_24,VPWR,li1,60.4900,13.6000,1.799998
mcu_23,VPWR,li1,61.8700,13.6000,1.799998
mcu_22,VPWR,li1,58.1900,13.6000,1.799998
mcu_21,VPWR,li1,54.0500,13.6000,1.799998
mcu_20,VPWR,li1,49.9100,13.6000,1.799998
mcu_19,VPWR,li1,45.7700,13.6000,1.799998
mcu_18,VPWR,li1,41.6300,13.6000,1.799998
mcu_17,VPWR,li1,37.4900,13.6000,1.799998
mcu_16,VPWR,li1,33.3500,13.6000,1.799997
mcu_15,VPWR,li1,29.2100,13.6000,1.799997
mcu_14,VPWR,li1,25.0700,13.6000,1.799996
mcu_13,VPWR,li1,20.9300,13.6000,1.799995
mcu_12,VPWR,li1,16.7900,13.6000,1.799996
mcu_11,VPWR,li1,12.6500,13.6000,1.799996
mcu_10,VPWR,li1,8.5100,13.6000,1.799997
mcu_9,VPWR,li1,11.2700,13.6000,1.799997
_270__8,VPWR,li1,14.9500,62.5600,1.799996
_269__7,VPWR,li1,7.5900,62.5600,1.799998
_268__6,VPWR,li1,8.0500,68.0000,1.800000
_267__29,VPWR,li1,13.1100,62.5600,1.799997
_270__28,VPWR,li1,20.0100,62.5600,1.799995
_269__27,VPWR,li1,8.9700,62.5600,1.799998
TAP_TAPCELL_ROW_20_87,VPWR,li1,57.2700,67.6930,1.800000
TAP_TAPCELL_ROW_20_86,VPWR,li1,44.3900,67.6930,1.800000
TAP_TAPCELL_ROW_20_85,VPWR,li1,31.5100,67.6930,1.800000
TAP_TAPCELL_ROW_20_84,VPWR,li1,18.6300,67.6930,1.800000
TAP_TAPCELL_ROW_19_83,VPWR,li1,57.2700,62.8660,1.799986
TAP_TAPCELL_ROW_19_82,VPWR,li1,31.5100,62.8660,1.799992
TAP_TAPCELL_ROW_18_81,VPWR,li1,44.3900,62.2530,1.799990
TAP_TAPCELL_ROW_18_80,VPWR,li1,18.6300,62.2530,1.799995
TAP_TAPCELL_ROW_17_79,VPWR,li1,57.2700,57.4260,1.799967
TAP_TAPCELL_ROW_17_78,VPWR,li1,31.5100,57.4260,1.799989
TAP_TAPCELL_ROW_16_77,VPWR,li1,44.3900,56.8130,1.799983
TAP_TAPCELL_ROW_16_76,VPWR,li1,18.6300,56.8130,1.799992
TAP_TAPCELL_ROW_15_75,VPWR,li1,57.2700,51.9860,1.799992
TAP_TAPCELL_ROW_15_74,VPWR,li1,31.5100,51.9860,1.799996
TAP_TAPCELL_ROW_14_73,VPWR,li1,44.3900,51.3730,1.799996
TAP_TAPCELL_ROW_14_72,VPWR,li1,18.6300,51.3730,1.799995
TAP_TAPCELL_ROW_13_71,VPWR,li1,57.2700,46.5460,1.799986
TAP_TAPCELL_ROW_13_70,VPWR,li1,31.5100,46.5460,1.799980
TAP_TAPCELL_ROW_12_69,VPWR,li1,44.3900,45.9330,1.799988
TAP_TAPCELL_ROW_12_68,VPWR,li1,18.6300,45.9330,1.799980
TAP_TAPCELL_ROW_11_67,VPWR,li1,57.2700,41.1060,1.799974
TAP_TAPCELL_ROW_11_66,VPWR,li1,31.5100,41.1060,1.799980
TAP_TAPCELL_ROW_10_65,VPWR,li1,44.3900,40.4930,1.799978
TAP_TAPCELL_ROW_10_64,VPWR,li1,18.6300,40.4930,1.799984
TAP_TAPCELL_ROW_9_63,VPWR,li1,57.2700,35.6660,1.799962
TAP_TAPCELL_ROW_9_62,VPWR,li1,31.5100,35.6660,1.799989
TAP_TAPCELL_ROW_8_61,VPWR,li1,44.3900,35.0530,1.799982
TAP_TAPCELL_ROW_8_60,VPWR,li1,18.6300,35.0530,1.799993
TAP_TAPCELL_ROW_7_59,VPWR,li1,57.2700,30.2260,1.799982
TAP_TAPCELL_ROW_7_58,VPWR,li1,31.5100,30.2260,1.799987
TAP_TAPCELL_ROW_6_57,VPWR,li1,44.3900,29.6130,1.799988
TAP_TAPCELL_ROW_6_56,VPWR,li1,18.6300,29.6130,1.799988
TAP_TAPCELL_ROW_5_55,VPWR,li1,57.2700,24.7860,1.799986
TAP_TAPCELL_ROW_5_54,VPWR,li1,31.5100,24.7860,1.799980
TAP_TAPCELL_ROW_4_53,VPWR,li1,44.3900,24.1730,1.799988
TAP_TAPCELL_ROW_4_52,VPWR,li1,18.6300,24.1730,1.799983
TAP_TAPCELL_ROW_3_51,VPWR,li1,57.2700,19.3460,1.799997
TAP_TAPCELL_ROW_3_50,VPWR,li1,31.5100,19.3460,1.799993
TAP_TAPCELL_ROW_2_49,VPWR,li1,44.3900,18.7330,1.799997
TAP_TAPCELL_ROW_2_48,VPWR,li1,18.6300,18.7330,1.799995
TAP_TAPCELL_ROW_1_47,VPWR,li1,57.2700,13.9060,1.799998
TAP_TAPCELL_ROW_1_46,VPWR,li1,31.5100,13.9060,1.799997
TAP_TAPCELL_ROW_0_45,VPWR,li1,57.2700,13.2930,1.799998
TAP_TAPCELL_ROW_0_44,VPWR,li1,44.3900,13.2930,1.799998
TAP_TAPCELL_ROW_0_43,VPWR,li1,31.5100,13.2930,1.799997
TAP_TAPCELL_ROW_0_42,VPWR,li1,18.6300,13.2930,1.799996
PHY_EDGE_ROW_20_Left_41,VPWR,li1,6.2100,68.0000,1.800000
PHY_EDGE_ROW_19_Left_40,VPWR,li1,6.2100,62.5600,1.799998
PHY_EDGE_ROW_18_Left_39,VPWR,li1,6.2100,62.5600,1.799998
PHY_EDGE_ROW_17_Left_38,VPWR,li1,6.2100,57.1200,1.799996
PHY_EDGE_ROW_16_Left_37,VPWR,li1,6.2100,57.1200,1.799996
PHY_EDGE_ROW_15_Left_36,VPWR,li1,6.2100,51.6800,1.799995
PHY_EDGE_ROW_14_Left_35,VPWR,li1,6.2100,51.6800,1.799995
PHY_EDGE_ROW_13_Left_34,VPWR,li1,6.2100,46.2400,1.799989
PHY_EDGE_ROW_12_Left_33,VPWR,li1,6.2100,46.2400,1.799989
PHY_EDGE_ROW_11_Left_32,VPWR,li1,6.2100,40.8000,1.799989
PHY_EDGE_ROW_10_Left_31,VPWR,li1,6.2100,40.8000,1.799989
PHY_EDGE_ROW_9_Left_30,VPWR,li1,6.2100,35.3600,1.799997
PHY_EDGE_ROW_8_Left_29,VPWR,li1,6.2100,35.3600,1.799997
PHY_EDGE_ROW_7_Left_28,VPWR,li1,6.2100,29.9200,1.799992
PHY_EDGE_ROW_6_Left_27,VPWR,li1,6.2100,29.9200,1.799992
PHY_EDGE_ROW_5_Left_26,VPWR,li1,6.2100,24.4800,1.799991
PHY_EDGE_ROW_4_Left_25,VPWR,li1,6.2100,24.4800,1.799991
PHY_EDGE_ROW_3_Left_24,VPWR,li1,6.2100,19.0400,1.799997
PHY_EDGE_ROW_2_Left_23,VPWR,li1,6.2100,19.0400,1.799997
PHY_EDGE_ROW_1_Left_22,VPWR,li1,6.2100,13.6000,1.799997
PHY_EDGE_ROW_0_Left_21,VPWR,li1,6.2100,13.6000,1.799997
PHY_EDGE_ROW_20_Right_20,VPWR,li1,63.2500,68.0000,1.800000
PHY_EDGE_ROW_19_Right_19,VPWR,li1,63.2500,62.5600,1.799986
PHY_EDGE_ROW_18_Right_18,VPWR,li1,63.2500,62.5600,1.799986
PHY_EDGE_ROW_17_Right_17,VPWR,li1,63.2500,57.1200,1.799967
PHY_EDGE_ROW_16_Right_16,VPWR,li1,63.2500,57.1200,1.799967
PHY_EDGE_ROW_15_Right_15,VPWR,li1,63.2500,51.6800,1.799991
PHY_EDGE_ROW_14_Right_14,VPWR,li1,63.2500,51.6800,1.799991
PHY_EDGE_ROW_13_Right_13,VPWR,li1,63.2500,46.2400,1.799986
PHY_EDGE_ROW_12_Right_12,VPWR,li1,63.2500,46.2400,1.799986
PHY_EDGE_ROW_11_Right_11,VPWR,li1,63.2500,40.8000,1.799974
PHY_EDGE_ROW_10_Right_10,VPWR,li1,63.2500,40.8000,1.799974
PHY_EDGE_ROW_9_Right_9,VPWR,li1,63.2500,35.3600,1.799962
PHY_EDGE_ROW_8_Right_8,VPWR,li1,63.2500,35.3600,1.799962
PHY_EDGE_ROW_7_Right_7,VPWR,li1,63.2500,29.9200,1.799982
PHY_EDGE_ROW_6_Right_6,VPWR,li1,63.2500,29.9200,1.799982
PHY_EDGE_ROW_5_Right_5,VPWR,li1,63.2500,24.4800,1.799986
PHY_EDGE_ROW_4_Right_4,VPWR,li1,63.2500,24.4800,1.799986
PHY_EDGE_ROW_3_Right_3,VPWR,li1,63.2500,19.0400,1.799997
PHY_EDGE_ROW_2_Right_2,VPWR,li1,63.2500,19.0400,1.799997
PHY_EDGE_ROW_1_Right_1,VPWR,li1,63.2500,13.6000,1.799998
PHY_EDGE_ROW_0_Right_0,VPWR,li1,63.2500,13.6000,1.799998
_270_,VPWR,li1,17.4800,62.5600,1.799995
_269_,VPWR,li1,11.5000,62.5600,1.799998
_268_,VPWR,li1,10.5800,68.0000,1.800000
_267_,VPWR,li1,10.5800,62.5600,1.799998
_241_,VPWR,li1,22.0800,13.6000,1.799995
_240_,VPWR,li1,27.6000,19.0400,1.799992
_239_,VPWR,li1,25.7600,29.9200,1.799985
_238_,VPWR,li1,10.5800,40.8000,1.799989
_237_,VPWR,li1,10.5800,51.6800,1.799995
_236_,VPWR,li1,19.3200,57.1200,1.799992
_235_,VPWR,li1,26.6800,40.8000,1.799981
_234_,VPWR,li1,13.1100,40.8000,1.799986
_233_,VPWR,li1,10.5800,29.9200,1.799992
_232_,VPWR,li1,25.7600,29.9200,1.799985
_231_,VPWR,li1,13.3400,29.9200,1.799989
_230_,VPWR,li1,11.0400,13.6000,1.799997
_229_,VPWR,li1,37.7200,29.9200,1.799989
_228_,VPWR,li1,38.1800,35.3600,1.799987
_227_,VPWR,li1,39.5600,19.0400,1.799997
_226_,VPWR,li1,50.1400,24.4800,1.799986
_225_,VPWR,li1,53.3600,29.9200,1.799983
_224_,VPWR,li1,58.4200,29.9200,1.799982
_223_,VPWR,li1,58.4200,40.8000,1.799974
_222_,VPWR,li1,48.3000,46.2400,1.799986
_221_,VPWR,li1,58.4200,51.6800,1.799991
_220_,VPWR,li1,57.9600,62.5600,1.799986
_219_,VPWR,li1,53.3600,62.5600,1.799988
_218_,VPWR,li1,44.1600,62.5600,1.799990
_217_,VPWR,li1,37.7200,62.5600,1.799992
_216_,VPWR,li1,27.6000,62.5600,1.799992
_215_,VPWR,li1,27.6000,62.5600,1.799992
_214_,VPWR,li1,36.3400,46.2400,1.799982
_213_,VPWR,li1,37.2600,46.2400,1.799985
_212_,VPWR,li1,22.0800,19.0400,1.799994
_211_,VPWR,li1,22.7700,19.0400,1.799993
_210_,VPWR,li1,25.7600,19.0400,1.799992
_209_,VPWR,li1,28.0600,19.0400,1.799992
_208_,VPWR,li1,24.8400,35.3600,1.799991
_207_,VPWR,li1,27.1400,24.4800,1.799975
_206_,VPWR,li1,10.8100,46.2400,1.799989
_205_,VPWR,li1,14.4900,46.2400,1.799987
_204_,VPWR,li1,17.2500,51.6800,1.799995
_203_,VPWR,li1,13.8000,51.6800,1.799995
_202_,VPWR,li1,17.7100,46.2400,1.799982
_201_,VPWR,li1,22.0800,46.2400,1.799975
_200_,VPWR,li1,26.4500,46.2400,1.799977
_199_,VPWR,li1,20.7000,57.1200,1.799991
_198_,VPWR,li1,20.2400,51.6800,1.799995
_197_,VPWR,li1,24.8400,46.2400,1.799977
_196_,VPWR,li1,24.6100,51.6800,1.799996
_195_,VPWR,li1,22.0800,40.8000,1.799983
_194_,VPWR,li1,25.5300,40.8000,1.799981
_193_,VPWR,li1,27.8300,40.8000,1.799980
_192_,VPWR,li1,12.6500,35.3600,1.799996
_191_,VPWR,li1,14.4900,35.3600,1.799995
_190_,VPWR,li1,19.0900,40.8000,1.799984
_189_,VPWR,li1,16.5600,46.2400,1.799982
_188_,VPWR,li1,22.7700,51.6800,1.799995
_187_,VPWR,li1,20.2400,51.6800,1.799995
_186_,VPWR,li1,16.7900,40.8000,1.799985
_185_,VPWR,li1,8.9700,29.9200,1.799992
_184_,VPWR,li1,23.9200,24.4800,1.799978
_183_,VPWR,li1,29.6700,19.0400,1.799993
_182_,VPWR,li1,26.9100,13.6000,1.799996
_181_,VPWR,li1,20.4700,29.9200,1.799987
_180_,VPWR,li1,20.9300,24.4800,1.799980
_179_,VPWR,li1,16.3300,24.4800,1.799985
_178_,VPWR,li1,11.2700,19.0400,1.799997
_177_,VPWR,li1,11.7300,24.4800,1.799991
_176_,VPWR,li1,20.9300,35.3600,1.799992
_175_,VPWR,li1,14.4900,24.4800,1.799988
_174_,VPWR,li1,11.0400,24.4800,1.799991
_173_,VPWR,li1,16.1000,24.4800,1.799985
_172_,VPWR,li1,36.3400,29.9200,1.799988
_171_,VPWR,li1,43.2400,29.9200,1.799989
_170_,VPWR,li1,42.5500,29.9200,1.799989
_169_,VPWR,li1,34.7300,29.9200,1.799988
_168_,VPWR,li1,32.8900,29.9200,1.799987
_167_,VPWR,li1,40.9400,29.9200,1.799990
_166_,VPWR,li1,38.6400,29.9200,1.799989
_165_,VPWR,li1,39.5600,24.4800,1.799989
_164_,VPWR,li1,41.8600,24.4800,1.799988
_163_,VPWR,li1,48.0700,29.9200,1.799987
_162_,VPWR,li1,48.7600,29.9200,1.799986
_161_,VPWR,li1,51.0600,29.9200,1.799984
_160_,VPWR,li1,48.9900,35.3600,1.799972
_159_,VPWR,li1,46.6900,35.3600,1.799978
_158_,VPWR,li1,49.9100,35.3600,1.799972
_157_,VPWR,li1,52.9000,35.3600,1.799966
_156_,VPWR,li1,55.4300,35.3600,1.799962
_155_,VPWR,li1,58.4200,29.9200,1.799982
_154_,VPWR,li1,60.7200,35.3600,1.799962
_153_,VPWR,li1,54.5100,40.8000,1.799975
_152_,VPWR,li1,56.1200,46.2400,1.799986
_151_,VPWR,li1,53.5900,46.2400,1.799986
_150_,VPWR,li1,47.1500,40.8000,1.799977
_149_,VPWR,li1,48.0700,46.2400,1.799986
_148_,VPWR,li1,51.0600,46.2400,1.799986
_147_,VPWR,li1,53.5900,46.2400,1.799986
_146_,VPWR,li1,53.8200,51.6800,1.799993
_145_,VPWR,li1,51.9800,51.6800,1.799994
_144_,VPWR,li1,55.8900,57.1200,1.799967
_143_,VPWR,li1,54.2800,57.1200,1.799967
_142_,VPWR,li1,49.4500,57.1200,1.799972
_141_,VPWR,li1,51.7500,62.5600,1.799988
_140_,VPWR,li1,49.4500,62.5600,1.799989
_139_,VPWR,li1,46.4600,62.5600,1.799989
_138_,VPWR,li1,52.2100,57.1200,1.799967
_137_,VPWR,li1,43.2400,62.5600,1.799991
_136_,VPWR,li1,44.6200,57.1200,1.799983
_135_,VPWR,li1,40.4800,57.1200,1.799987
_134_,VPWR,li1,43.0100,57.1200,1.799983
_133_,VPWR,li1,36.8000,57.1200,1.799988
_132_,VPWR,li1,32.4300,62.5600,1.799992
_131_,VPWR,li1,33.3500,57.1200,1.799989
_130_,VPWR,li1,32.6600,57.1200,1.799989
_129_,VPWR,li1,30.1300,57.1200,1.799990
_128_,VPWR,li1,28.0600,57.1200,1.799990
_127_,VPWR,li1,32.2000,62.5600,1.799992
_126_,VPWR,li1,39.5600,40.8000,1.799979
_125_,VPWR,li1,35.1900,51.6800,1.799996
_124_,VPWR,li1,29.9000,46.2400,1.799980
_123_,VPWR,li1,44.3900,40.8000,1.799978
_122_,VPWR,li1,36.5700,51.6800,1.799997
_121_,VPWR,li1,32.8900,46.2400,1.799981
_120_,VPWR,li1,37.4900,40.8000,1.799980
_119_,VPWR,li1,43.0100,46.2400,1.799988
_118_,VPWR,li1,45.7700,51.6800,1.799995
_117_,VPWR,li1,46.4600,29.9200,1.799987
_116_,VPWR,li1,37.2600,51.6800,1.799997
_115_,VPWR,li1,49.2200,51.6800,1.799994
_114_,VPWR,li1,51.5200,40.8000,1.799976
_113_,VPWR,li1,24.1500,51.6800,1.799995
_112_,VPWR,li1,22.7700,51.6800,1.799995
_111_,VPWR,li1,28.2900,46.2400,1.799978
_110_,VPWR,li1,25.9900,51.6800,1.799996
