
76. Printing statistics.

=== mcu ===

   Number of wires:                148
   Number of wire bits:            181
   Number of public wires:          38
   Number of public wire bits:      71
   Number of memories:               0
   Number of memory bits:            0
   Number of processes:              0
   Number of cells:                161
     sky130_fd_sc_hd__a211o_2        1
     sky130_fd_sc_hd__a21bo_2        1
     sky130_fd_sc_hd__a21o_2         9
     sky130_fd_sc_hd__a21oi_2        8
     sky130_fd_sc_hd__a31o_2         1
     sky130_fd_sc_hd__a41o_2         2
     sky130_fd_sc_hd__and3_2         8
     sky130_fd_sc_hd__and3b_2        5
     sky130_fd_sc_hd__and4_2         4
     sky130_fd_sc_hd__buf_1         12
     sky130_fd_sc_hd__conb_1        25
     sky130_fd_sc_hd__dfxtp_2       29
     sky130_fd_sc_hd__ebufn_2        4
     sky130_fd_sc_hd__inv_2          8
     sky130_fd_sc_hd__mux2_2         1
     sky130_fd_sc_hd__nand2_2        5
     sky130_fd_sc_hd__nand3_2        1
     sky130_fd_sc_hd__nand3b_2       1
     sky130_fd_sc_hd__nor2_2         9
     sky130_fd_sc_hd__o211a_2        2
     sky130_fd_sc_hd__o21a_2         3
     sky130_fd_sc_hd__o21ai_2        8
     sky130_fd_sc_hd__o21ba_2        1
     sky130_fd_sc_hd__o21bai_2       1
     sky130_fd_sc_hd__o2bb2a_2       1
     sky130_fd_sc_hd__or2_2          3
     sky130_fd_sc_hd__or2b_2         1
     sky130_fd_sc_hd__or3_2          2
     sky130_fd_sc_hd__or3b_2         1
     sky130_fd_sc_hd__or4_2          4

   Chip area for module '\mcu': 1536.473600

