OpenROAD d423155d69de7f683a23f6916ead418a615ad4ad 
Features included (+) or not (-):  +Charts +GPU +GUI +Python
This program is licensed under the BSD-3 license. See the LICENSE file for details.
Components of this program may be licensed under more restrictive licenses which must be honored.
[INFO]: Reading ODB at '/openlane/designs/mcu/runs/RUN_2024.07.18_16.24.01/tmp/placement/9-resizer.odb'…
define_corners Typical
read_liberty -corner Typical /home/metin/.volare/sky130A/libs.ref/sky130_fd_sc_hd/lib/sky130_fd_sc_hd__tt_025C_1v80.lib
Using 1e-12 for capacitance...
Using 1e+03 for resistance...
Using 1e-09 for time...
Using 1e+00 for voltage...
Using 1e-03 for current...
Using 1e-09 for power...
Using 1e-06 for distance...
Reading design constraints file at '/openlane/designs/mcu/spm.sdc'…
Placement Analysis
---------------------------------
total displacement          0.0 u
average displacement        0.0 u
max displacement            0.0 u
original HPWL            1804.7 u
legalized HPWL           1914.7 u
delta HPWL                    6 %

[INFO DPL-0020] Mirrored 83 instances
[INFO DPL-0021] HPWL before            1914.7 u
[INFO DPL-0022] HPWL after             1804.7 u
[INFO DPL-0023] HPWL delta               -5.7 %
Setting global connections for newly added cells…
Writing OpenROAD database to '/openlane/designs/mcu/runs/RUN_2024.07.18_16.24.01/results/placement/mcu.odb'…
Writing netlist to '/openlane/designs/mcu/runs/RUN_2024.07.18_16.24.01/results/placement/mcu.nl.v'…
Writing powered netlist to '/openlane/designs/mcu/runs/RUN_2024.07.18_16.24.01/results/placement/mcu.pnl.v'…
Writing layout to '/openlane/designs/mcu/runs/RUN_2024.07.18_16.24.01/results/placement/mcu.def'…
