
===========================================================================
 report_power
============================================================================
======================= Fastest Corner ===================================

Group                  Internal  Switching    Leakage      Total
                          Power      Power      Power      Power (Watts)
----------------------------------------------------------------
Sequential             7.37e-05   3.39e-06   4.25e-10   7.71e-05  48.1%
Combinational          4.86e-06   3.41e-06   6.24e-10   8.27e-06   5.2%
Clock                  5.04e-05   2.45e-05   7.84e-10   7.48e-05  46.7%
Macro                  0.00e+00   0.00e+00   0.00e+00   0.00e+00   0.0%
Pad                    0.00e+00   0.00e+00   0.00e+00   0.00e+00   0.0%
----------------------------------------------------------------
Total                  1.29e-04   3.13e-05   1.83e-09   1.60e-04 100.0%
                          80.5%      19.5%       0.0%

======================= Slowest Corner ===================================

Group                  Internal  Switching    Leakage      Total
                          Power      Power      Power      Power (Watts)
----------------------------------------------------------------
Sequential             5.14e-05   2.23e-06   4.02e-07   5.40e-05  48.3%
Combinational          3.64e-06   2.20e-06   4.92e-07   6.33e-06   5.7%
Clock                  3.58e-05   1.56e-05   9.55e-08   5.15e-05  46.0%
Macro                  0.00e+00   0.00e+00   0.00e+00   0.00e+00   0.0%
Pad                    0.00e+00   0.00e+00   0.00e+00   0.00e+00   0.0%
----------------------------------------------------------------
Total                  9.08e-05   2.00e-05   9.90e-07   1.12e-04 100.0%
                          81.2%      17.9%       0.9%

======================= Typical Corner ===================================

Group                  Internal  Switching    Leakage      Total
                          Power      Power      Power      Power (Watts)
----------------------------------------------------------------
Sequential             6.39e-05   2.85e-06   2.37e-10   6.67e-05  48.2%
Combinational          4.44e-06   2.84e-06   5.15e-10   7.28e-06   5.3%
Clock                  4.39e-05   2.05e-05   5.27e-10   6.44e-05  46.5%
Macro                  0.00e+00   0.00e+00   0.00e+00   0.00e+00   0.0%
Pad                    0.00e+00   0.00e+00   0.00e+00   0.00e+00   0.0%
----------------------------------------------------------------
Total                  1.12e-04   2.62e-05   1.28e-09   1.38e-04 100.0%
                          81.1%      18.9%       0.0%

